# index: 2088
# xPosition: -1.514408934621191E-5
# yPosition: -5.257427343274985E-6
# approachID: 2011.04.15-14.25.56-00296
# forceSettings: relative
# zRelativeStart: 6.999999999999998E-6
# zRelativeEnd: 0.0
# forceBaseline: -0.3616478357891878
# forceBaselineMeasured: true
# forceRelativeSetpoint: 0.5370543097993561
# setpoint: 0.1754064740101683
# kLength: 668
# zStartPauseOption: constantHeight
# zEndPauseOption: feedbackOn
# feedbackMode: contact
# pauseBeforeFirst: 0.0
# traceScanTime: 0.326171875
# retraceScanTime: 0.326171875
# pauseAtStart: 0.0
# pauseAtEnd: 0.0
# pauseOnTipsaver: 0
# scanner: false
# date: Tue Apr 19 14:10:08 CEST 2011
#
# direction: trace
# columns: smoothedStrainGaugeHeight vDeflection strainGaugeHeight height hDeflection seriesTime time
# fancyNames: "Height (measured & smoothed)" "Vertical Deflection" "Height (measured)" "Height" "Lateral Deflection" "Series Time" "Time"
# heightMultiplier: 0.62561
# heightOffset: 0.0
# sensitivity: 4.189520424555576E-8
# springConstant: 0.08
# calibrationSlots: nominal force nominal nominal volts elapsed elapsed
# units: m N m m V s s
#
7.852272E-6 -1.1647536E-9 7.84652E-6 9.822235E-6 -0.03751783 2.4414062E-4 2.4414062E-4
7.845955E-6 -1.125303E-9 7.842985E-6 9.811706E-6 -0.0378268 7.324219E-4 7.324219E-4
7.839626E-6 -1.1512573E-9 7.837977E-6 9.801178E-6 -0.0368999 0.0012207031 0.0012207031
7.833284E-6 -1.1419138E-9 7.832676E-6 9.7906495E-6 -0.037208866 0.0017089844 0.0017089844
7.82693E-6 -1.1169975E-9 7.826195E-6 9.780121E-6 -0.03751783 0.0021972656 0.0021972656
7.820565E-6 -1.1512573E-9 7.820009E-6 9.769592E-6 -0.037208866 0.0026855469 0.0026855469
7.8141875E-6 -1.1221885E-9 7.814117E-6 9.759293E-6 -0.0368999 0.0031738281 0.0031738281
7.807798E-6 -1.1502191E-9 7.807343E-6 9.748764E-6 -0.0368999 0.0036621094 0.0036621094
7.801397E-6 -1.1336083E-9 7.801452E-6 9.738236E-6 -0.03751783 0.0041503906 0.0041503906
7.794984E-6 -1.1304938E-9 7.79556E-6 9.727706E-6 -0.0368999 0.004638672 0.004638672
7.78856E-6 -1.1471046E-9 7.789375E-6 9.717178E-6 -0.03751783 0.005126953 0.005126953
7.782124E-6 -1.1439901E-9 7.782894E-6 9.706879E-6 -0.03659093 0.0056152344 0.0056152344
7.775676E-6 -1.1232266E-9 7.776413E-6 9.69635E-6 -0.037208866 0.0061035156 0.0061035156
7.769217E-6 -1.1356847E-9 7.769933E-6 9.685821E-6 -0.0368999 0.006591797 0.006591797
7.762746E-6 -1.1367228E-9 7.763452E-6 9.675293E-6 -0.0368999 0.007080078 0.007080078
7.756264E-6 -1.1543718E-9 7.756677E-6 9.664765E-6 -0.0368999 0.0075683594 0.0075683594
7.749771E-6 -1.1439901E-9 7.750197E-6 9.6544645E-6 -0.037208866 0.008056641 0.008056641
7.743265E-6 -1.1356847E-9 7.743422E-6 9.643936E-6 -0.037208866 0.008544922 0.008544922
7.7367495E-6 -1.1356847E-9 7.737531E-6 9.633637E-6 -0.03751783 0.009033203 0.009033203
7.730222E-6 -1.1502191E-9 7.731639E-6 9.623108E-6 -0.0368999 0.009521484 0.009521484
7.723684E-6 -1.113883E-9 7.724275E-6 9.61258E-6 -0.03751783 0.010009766 0.010009766
7.717134E-6 -1.1439901E-9 7.717795E-6 9.60205E-6 -0.037208866 0.010498047 0.010498047
7.710574E-6 -1.125303E-9 7.7113145E-6 9.591522E-6 -0.03751783 0.010986328 0.010986328
7.704002E-6 -1.137761E-9 7.70454E-6 9.581222E-6 -0.037208866 0.011474609 0.011474609
7.69742E-6 -1.1356847E-9 7.698059E-6 9.570694E-6 -0.037208866 0.011962891 0.011962891
7.690827E-6 -1.1398373E-9 7.691284E-6 9.560165E-6 -0.0368999 0.012451172 0.012451172
7.684223E-6 -1.1481428E-9 7.684509E-6 9.549637E-6 -0.037208866 0.012939453 0.012939453
7.677609E-6 -1.15541E-9 7.678028E-6 9.539108E-6 -0.0368999 0.013427734 0.013427734
7.670983E-6 -1.1439901E-9 7.6718425E-6 9.5285795E-6 -0.037208866 0.013916016 0.013916016
7.664347E-6 -1.1304938E-9 7.665362E-6 9.518051E-6 -0.037208866 0.014404297 0.014404297
7.657701E-6 -1.1325701E-9 7.6585875E-6 9.507752E-6 -0.037208866 0.014892578 0.014892578
7.651043E-6 -1.1367228E-9 7.651812E-6 9.497222E-6 -0.037208866 0.015380859 0.015380859
7.644376E-6 -1.1512573E-9 7.645626E-6 9.486695E-6 -0.037208866 0.01586914 0.01586914
7.637697E-6 -1.1419138E-9 7.638262E-6 9.476165E-6 -0.0368999 0.016357422 0.016357422
7.631009E-6 -1.1356847E-9 7.630898E-6 9.465637E-6 -0.0368999 0.016845703 0.016845703
7.6243105E-6 -1.1325701E-9 7.624712E-6 9.455337E-6 -0.037208866 0.017333984 0.017333984
7.6176016E-6 -1.1387992E-9 7.6176425E-6 9.444809E-6 -0.037208866 0.017822266 0.017822266
7.610882E-6 -1.131532E-9 7.610867E-6 9.43428E-6 -0.03751783 0.018310547 0.018310547
7.6041524E-6 -1.1284175E-9 7.604387E-6 9.423981E-6 -0.037208866 0.018798828 0.018798828
7.597413E-6 -1.125303E-9 7.5973176E-6 9.413452E-6 -0.0368999 0.01928711 0.01928711
7.5906632E-6 -1.142952E-9 7.5911316E-6 9.402924E-6 -0.0368999 0.01977539 0.01977539
7.5839034E-6 -1.1398373E-9 7.5843564E-6 9.3923945E-6 -0.0368999 0.020263672 0.020263672
7.5771336E-6 -1.113883E-9 7.577287E-6 9.382095E-6 -0.0368999 0.020751953 0.020751953
7.570354E-6 -1.1419138E-9 7.5708067E-6 9.371566E-6 -0.0368999 0.021240234 0.021240234
7.5635644E-6 -1.1325701E-9 7.564621E-6 9.361038E-6 -0.03659093 0.021728516 0.021728516
7.556765E-6 -1.1325701E-9 7.557551E-6 9.35051E-6 -0.0368999 0.022216797 0.022216797
7.5499556E-6 -1.1304938E-9 7.550187E-6 9.339981E-6 -0.037208866 0.022705078 0.022705078
7.5431367E-6 -1.1263411E-9 7.5437065E-6 9.329681E-6 -0.0368999 0.02319336 0.02319336
7.5363077E-6 -1.1242648E-9 7.536931E-6 9.319153E-6 -0.03659093 0.02368164 0.02368164
7.5294697E-6 -1.137761E-9 7.5298617E-6 9.308624E-6 -0.03751783 0.024169922 0.024169922
7.5226217E-6 -1.142952E-9 7.523087E-6 9.298096E-6 -0.0368999 0.024658203 0.024658203
7.515764E-6 -1.1471046E-9 7.5160174E-6 9.287567E-6 -0.03659093 0.025146484 0.025146484
7.508897E-6 -1.1273793E-9 7.508948E-6 9.277268E-6 -0.03659093 0.025634766 0.025634766
7.5020203E-6 -1.1502191E-9 7.5021726E-6 9.266739E-6 -0.0368999 0.026123047 0.026123047
7.495134E-6 -1.1543718E-9 7.495103E-6 9.25621E-6 -0.037208866 0.026611328 0.026611328
7.4882387E-6 -1.1149212E-9 7.4880336E-6 9.245681E-6 -0.03751783 0.02709961 0.02709961
7.481334E-6 -1.1263411E-9 7.481553E-6 9.235153E-6 -0.037208866 0.02758789 0.02758789
7.47442E-6 -1.142952E-9 7.474778E-6 9.224625E-6 -0.0368999 0.028076172 0.028076172
7.4674963E-6 -1.1325701E-9 7.467414E-6 9.214096E-6 -0.0368999 0.028564453 0.028564453
7.4605637E-6 -1.1657918E-9 7.461228E-6 9.203796E-6 -0.037208866 0.029052734 0.029052734
7.453622E-6 -1.1273793E-9 7.453569E-6 9.193497E-6 -0.037208866 0.029541016 0.029541016
7.446671E-6 -1.1356847E-9 7.446205E-6 9.182968E-6 -0.0378268 0.030029297 0.030029297
7.4397108E-6 -1.1398373E-9 7.439725E-6 9.17244E-6 -0.0368999 0.030517578 0.030517578
7.4327418E-6 -1.1304938E-9 7.4323607E-6 9.161911E-6 -0.0368999 0.03100586 0.03100586
7.4257637E-6 -1.1325701E-9 7.4261748E-6 9.151611E-6 -0.037208866 0.03149414 0.03149414
7.4187765E-6 -1.1232266E-9 7.4191053E-6 9.141082E-6 -0.037208866 0.031982422 0.031982422
7.4117806E-6 -1.1190738E-9 7.41233E-6 9.130554E-6 -0.0368999 0.032470703 0.032470703
7.4047757E-6 -1.120112E-9 7.404966E-6 9.120025E-6 -0.037208866 0.032958984 0.032958984
7.3977617E-6 -1.1232266E-9 7.3978963E-6 9.109497E-6 -0.03751783 0.033447266 0.033447266
7.390739E-6 -1.1284175E-9 7.390827E-6 9.098968E-6 -0.037208866 0.033935547 0.033935547
7.3837077E-6 -1.1304938E-9 7.3834626E-6 9.08844E-6 -0.0368999 0.034423828 0.034423828
7.376668E-6 -1.1169975E-9 7.376393E-6 9.0781405E-6 -0.03659093 0.03491211 0.03491211
7.3696187E-6 -1.1356847E-9 7.3693236E-6 9.067612E-6 -0.0368999 0.03540039 0.03540039
7.362561E-6 -1.1356847E-9 7.3619594E-6 9.057083E-6 -0.0368999 0.035888672 0.035888672
7.355495E-6 -1.1118066E-9 7.35489E-6 9.046555E-6 -0.0368999 0.036376953 0.036376953
7.3484202E-6 -1.1284175E-9 7.3484093E-6 9.036026E-6 -0.037208866 0.036865234 0.036865234
7.341337E-6 -1.131532E-9 7.34134E-6 9.025726E-6 -0.037208866 0.037353516 0.037353516
7.3342453E-6 -1.1273793E-9 7.3342703E-6 9.015197E-6 -0.037208866 0.037841797 0.037841797
7.327145E-6 -1.1450283E-9 7.326317E-6 9.004669E-6 -0.03751783 0.038330078 0.038330078
7.3200363E-6 -1.1336083E-9 7.3198366E-6 8.99414E-6 -0.03751783 0.03881836 0.03881836
7.312919E-6 -1.102463E-9 7.3124725E-6 8.983612E-6 -0.03751783 0.03930664 0.03930664
7.3057936E-6 -1.1273793E-9 7.305403E-6 8.973312E-6 -0.0368999 0.039794922 0.039794922
7.29866E-6 -1.1221885E-9 7.298039E-6 8.962784E-6 -0.0368999 0.040283203 0.040283203
7.2915177E-6 -1.1304938E-9 7.291558E-6 8.952484E-6 -0.0368999 0.040771484 0.040771484
7.2843673E-6 -1.1346465E-9 7.2838993E-6 8.9419555E-6 -0.0368999 0.041259766 0.041259766
7.2772086E-6 -1.131532E-9 7.27683E-6 8.931427E-6 -0.0368999 0.041748047 0.041748047
7.2700423E-6 -1.1481428E-9 7.2697603E-6 8.920899E-6 -0.03659093 0.042236328 0.042236328
7.2628673E-6 -1.1221885E-9 7.262691E-6 8.9103705E-6 -0.03659093 0.04272461 0.04272461
7.255684E-6 -1.1294556E-9 7.2553266E-6 8.9000705E-6 -0.037208866 0.04321289 0.04321289
7.2484927E-6 -1.1325701E-9 7.248257E-6 8.889541E-6 -0.03659093 0.043701172 0.043701172
7.2412936E-6 -1.1367228E-9 7.2411876E-6 8.879013E-6 -0.0368999 0.044189453 0.044189453
7.2340863E-6 -1.1294556E-9 7.2338235E-6 8.868485E-6 -0.0368999 0.044677734 0.044677734
7.2268713E-6 -1.1356847E-9 7.2261646E-6 8.857955E-6 -0.0368999 0.045166016 0.045166016
7.219648E-6 -1.1398373E-9 7.219684E-6 8.847656E-6 -0.03751783 0.045654297 0.045654297
7.2124167E-6 -1.1387992E-9 7.2120256E-6 8.837128E-6 -0.037208866 0.046142578 0.046142578
7.205178E-6 -1.1356847E-9 7.204956E-6 8.826599E-6 -0.0368999 0.04663086 0.04663086
7.197931E-6 -1.1346465E-9 7.197592E-6 8.8160705E-6 -0.03659093 0.04711914 0.04711914
7.190676E-6 -1.1346465E-9 7.1902277E-6 8.805542E-6 -0.0368999 0.047607422 0.047607422
7.183414E-6 -1.1325701E-9 7.1831582E-6 8.795014E-6 -0.0368999 0.048095703 0.048095703
7.1761438E-6 -1.125303E-9 7.1754994E-6 8.7844855E-6 -0.037208866 0.048583984 0.048583984
7.1688655E-6 -1.131532E-9 7.16843E-6 8.774185E-6 -0.0368999 0.049072266 0.049072266
7.1615796E-6 -1.1512573E-9 7.1610657E-6 8.763656E-6 -0.0368999 0.049560547 0.049560547
7.1542863E-6 -1.1460665E-9 7.1537015E-6 8.753128E-6 -0.0368999 0.050048828 0.050048828
7.1469854E-6 -1.131532E-9 7.146632E-6 8.742828E-6 -0.0368999 0.05053711 0.05053711
7.139677E-6 -1.1325701E-9 7.1386785E-6 8.7323E-6 -0.037208866 0.05102539 0.05102539
7.1323607E-6 -1.1221885E-9 7.1324926E-6 8.722E-6 -0.0368999 0.051513672 0.051513672
7.125037E-6 -1.1180357E-9 7.1245395E-6 8.711471E-6 -0.037208866 0.052001953 0.052001953
7.1177055E-6 -1.1356847E-9 7.11747E-6 8.700943E-6 -0.0368999 0.052490234 0.052490234
7.110367E-6 -1.1512573E-9 7.1095164E-6 8.690415E-6 -0.0368999 0.052978516 0.052978516
7.1030204E-6 -1.1325701E-9 7.1027416E-6 8.679886E-6 -0.037208866 0.053466797 0.053466797
7.095667E-6 -1.137761E-9 7.0950828E-6 8.669357E-6 -0.03659093 0.053955078 0.053955078
7.0883057E-6 -1.142952E-9 7.0877186E-6 8.65883E-6 -0.0368999 0.05444336 0.05444336
7.0809374E-6 -1.1336083E-9 7.0809438E-6 8.648529E-6 -0.037208866 0.05493164 0.05493164
7.0735614E-6 -1.1232266E-9 7.073285E-6 8.6380005E-6 -0.037208866 0.055419922 0.055419922
7.0661786E-6 -1.1346465E-9 7.065332E-6 8.627472E-6 -0.0368999 0.055908203 0.055908203
7.058788E-6 -1.1190738E-9 7.0585565E-6 8.616944E-6 -0.037208866 0.056396484 0.056396484
7.05139E-6 -1.1387992E-9 7.050898E-6 8.606415E-6 -0.0368999 0.056884766 0.056884766
7.0439855E-6 -1.1408756E-9 7.043534E-6 8.596116E-6 -0.03751783 0.057373047 0.057373047
7.036573E-6 -1.137761E-9 7.03617E-6 8.585586E-6 -0.0368999 0.057861328 0.057861328
7.029154E-6 -1.125303E-9 7.0288056E-6 8.575058E-6 -0.037208866 0.05834961 0.05834961
7.0217275E-6 -1.1304938E-9 7.0214414E-6 8.56453E-6 -0.03659093 0.05883789 0.05883789
7.0142937E-6 -1.131532E-9 7.0140773E-6 8.554001E-6 -0.0368999 0.059326172 0.059326172
7.006853E-6 -1.1346465E-9 7.006713E-6 8.543472E-6 -0.0368999 0.059814453 0.059814453
6.999405E-6 -1.125303E-9 6.999054E-6 8.532944E-6 -0.0368999 0.060302734 0.060302734
6.99195E-6 -1.137761E-9 6.9916905E-6 8.522644E-6 -0.037208866 0.060791016 0.060791016
6.984488E-6 -1.1242648E-9 6.9843263E-6 8.512344E-6 -0.0368999 0.061279297 0.061279297
6.977019E-6 -1.1367228E-9 6.976962E-6 8.5018155E-6 -0.037208866 0.061767578 0.061767578
6.9695434E-6 -1.1439901E-9 6.9698926E-6 8.491287E-6 -0.037208866 0.06225586 0.06225586
6.9620605E-6 -1.142952E-9 6.961939E-6 8.480759E-6 -0.0368999 0.06274414 0.06274414
6.9545704E-6 -1.1356847E-9 6.9542803E-6 8.470459E-6 -0.036281966 0.06323242 0.06323242
6.947074E-6 -1.1284175E-9 6.9469165E-6 8.4599305E-6 -0.03659093 0.0637207 0.0637207
6.93957E-6 -1.1356847E-9 6.9395523E-6 8.449402E-6 -0.036281966 0.064208984 0.064208984
6.9320595E-6 -1.131532E-9 6.932188E-6 8.438874E-6 -0.036281966 0.064697266 0.064697266
6.9245425E-6 -1.1242648E-9 6.92394E-6 8.428346E-6 -0.03659093 0.06518555 0.06518555
6.9170183E-6 -1.137761E-9 6.9165762E-6 8.418045E-6 -0.0368999 0.06567383 0.06567383
6.909487E-6 -1.1263411E-9 6.9089174E-6 8.407516E-6 -0.03659093 0.06616211 0.06616211
6.9019493E-6 -1.1408756E-9 6.901848E-6 8.396988E-6 -0.0368999 0.06665039 0.06665039
6.894405E-6 -1.1325701E-9 6.8944837E-6 8.38646E-6 -0.0368999 0.06713867 0.06713867
6.886854E-6 -1.131532E-9 6.886825E-6 8.3759305E-6 -0.03659093 0.06762695 0.06762695
6.879296E-6 -1.1180357E-9 6.878872E-6 8.365402E-6 -0.0368999 0.068115234 0.068115234
6.8717313E-6 -1.1356847E-9 6.871213E-6 8.354874E-6 -0.03659093 0.068603516 0.068603516
6.8641602E-6 -1.1169975E-9 6.8641434E-6 8.344575E-6 -0.036281966 0.0690918 0.0690918
6.8565823E-6 -1.1284175E-9 6.8564846E-6 8.334046E-6 -0.03659093 0.06958008 0.06958008
6.8489976E-6 -1.1149212E-9 6.849415E-6 8.323517E-6 -0.03659093 0.07006836 0.07006836
6.8414065E-6 -1.125303E-9 6.8411673E-6 8.312988E-6 -0.037208866 0.07055664 0.07055664
6.833809E-6 -1.131532E-9 6.8335085E-6 8.30246E-6 -0.03659093 0.07104492 0.07104492
6.8262048E-6 -1.1242648E-9 6.8258496E-6 8.29216E-6 -0.0368999 0.0715332 0.0715332
6.818594E-6 -1.1325701E-9 6.818486E-6 8.281861E-6 -0.0368999 0.072021484 0.072021484
6.810977E-6 -1.1304938E-9 6.811416E-6 8.271331E-6 -0.037208866 0.072509766 0.072509766
6.8033532E-6 -1.1346465E-9 6.803168E-6 8.260803E-6 -0.03659093 0.07299805 0.07299805
6.795723E-6 -1.1284175E-9 6.795804E-6 8.250275E-6 -0.037208866 0.07348633 0.07348633
6.7880865E-6 -1.125303E-9 6.7875562E-6 8.239746E-6 -0.03659093 0.07397461 0.07397461
6.780443E-6 -1.1408756E-9 6.780192E-6 8.229217E-6 -0.03659093 0.07446289 0.07446289
6.7727938E-6 -1.1232266E-9 6.772828E-6 8.218918E-6 -0.0368999 0.07495117 0.07495117
6.7651376E-6 -1.1242648E-9 6.764875E-6 8.20839E-6 -0.0368999 0.07543945 0.07543945
6.7574756E-6 -1.1346465E-9 6.7575106E-6 8.1978615E-6 -0.0368999 0.075927734 0.075927734
6.7498067E-6 -1.1450283E-9 6.749557E-6 8.187332E-6 -0.03659093 0.076416016 0.076416016
6.742132E-6 -1.125303E-9 6.7418987E-6 8.176804E-6 -0.0368999 0.0769043 0.0769043
6.734451E-6 -1.1273793E-9 6.7345345E-6 8.166504E-6 -0.0368999 0.07739258 0.07739258
6.7267633E-6 -1.131532E-9 6.7268757E-6 8.155976E-6 -0.0368999 0.07788086 0.07788086
6.7190695E-6 -1.1304938E-9 6.7189226E-6 8.145446E-6 -0.03659093 0.07836914 0.07836914
6.711369E-6 -1.1294556E-9 6.7112637E-6 8.134918E-6 -0.03659093 0.07885742 0.07885742
6.703663E-6 -1.1346465E-9 6.7033106E-6 8.12439E-6 -0.0368999 0.0793457 0.0793457
6.6959506E-6 -1.1242648E-9 6.695357E-6 8.113861E-6 -0.03659093 0.079833984 0.079833984
6.6882317E-6 -1.1346465E-9 6.687993E-6 8.103332E-6 -0.03659093 0.080322266 0.080322266
6.680507E-6 -1.1159593E-9 6.6806288E-6 8.093033E-6 -0.03659093 0.08081055 0.08081055
6.6727757E-6 -1.1273793E-9 6.6729704E-6 8.082504E-6 -0.03659093 0.08129883 0.08129883
6.6650387E-6 -1.1419138E-9 6.6653115E-6 8.0719765E-6 -0.03659093 0.08178711 0.08178711
6.657295E-6 -1.1408756E-9 6.6570638E-6 8.0616755E-6 -0.036281966 0.08227539 0.08227539
6.6495454E-6 -1.1356847E-9 6.649405E-6 8.051147E-6 -0.03659093 0.08276367 0.08276367
6.64179E-6 -1.1107685E-9 6.6423354E-6 8.040847E-6 -0.0368999 0.08325195 0.08325195
6.6340285E-6 -1.1190738E-9 6.6343823E-6 8.03032E-6 -0.0368999 0.083740234 0.083740234
6.6262605E-6 -1.120112E-9 6.627018E-6 8.019791E-6 -0.0368999 0.084228516 0.084228516
6.6184866E-6 -1.1190738E-9 6.6190646E-6 8.009262E-6 -0.036281966 0.0847168 0.0847168
6.610707E-6 -1.137761E-9 6.610817E-6 7.998734E-6 -0.03659093 0.08520508 0.08520508
6.602921E-6 -1.1367228E-9 6.6034527E-6 7.988434E-6 -0.0368999 0.08569336 0.08569336
6.595129E-6 -1.1419138E-9 6.5954996E-6 7.977906E-6 -0.036281966 0.08618164 0.08618164
6.5873314E-6 -1.131532E-9 6.5878407E-6 7.967377E-6 -0.03659093 0.08666992 0.08666992
6.5795275E-6 -1.1242648E-9 6.580182E-6 7.956848E-6 -0.035972998 0.0871582 0.0871582
6.571718E-6 -1.1304938E-9 6.572229E-6 7.94632E-6 -0.03566403 0.087646484 0.087646484
6.5639024E-6 -1.1356847E-9 6.563981E-6 7.935791E-6 -0.036281966 0.088134766 0.088134766
6.5560807E-6 -1.1097303E-9 6.556322E-6 7.925262E-6 -0.03659093 0.08862305 0.08862305
6.548253E-6 -1.142952E-9 6.5486634E-6 7.914962E-6 -0.035972998 0.08911133 0.08911133
6.5404197E-6 -1.131532E-9 6.5404156E-6 7.904434E-6 -0.036281966 0.08959961 0.08959961
6.5325803E-6 -1.1190738E-9 6.5324625E-6 7.893906E-6 -0.03659093 0.09008789 0.09008789
6.5247355E-6 -1.1356847E-9 6.5248037E-6 7.883377E-6 -0.03659093 0.09057617 0.09057617
6.5168842E-6 -1.1211502E-9 6.5174395E-6 7.872848E-6 -0.03659093 0.09106445 0.09106445
6.5090276E-6 -1.1232266E-9 6.5091917E-6 7.862549E-6 -0.03659093 0.091552734 0.091552734
6.501165E-6 -1.1471046E-9 6.501238E-6 7.852021E-6 -0.036281966 0.092041016 0.092041016
6.4932965E-6 -1.1221885E-9 6.493285E-6 7.841492E-6 -0.035972998 0.0925293 0.0925293
6.485422E-6 -1.113883E-9 6.485921E-6 7.831191E-6 -0.03659093 0.09301758 0.09301758
6.4775422E-6 -1.1242648E-9 6.477968E-6 7.820663E-6 -0.036281966 0.09350586 0.09350586
6.4696565E-6 -1.1221885E-9 6.4700143E-6 7.810135E-6 -0.036281966 0.09399414 0.09399414
6.4617648E-6 -1.1284175E-9 6.4620613E-6 7.7996065E-6 -0.03659093 0.09448242 0.09448242
6.4538676E-6 -1.1387992E-9 6.4544024E-6 7.789306E-6 -0.036281966 0.0949707 0.0949707
6.4459646E-6 -1.125303E-9 6.4464493E-6 7.778778E-6 -0.036281966 0.095458984 0.095458984
6.438056E-6 -1.1180357E-9 6.438201E-6 7.76825E-6 -0.035972998 0.095947266 0.095947266
6.4301416E-6 -1.1263411E-9 6.4305427E-6 7.7577215E-6 -0.036281966 0.09643555 0.09643555
6.4222213E-6 -1.120112E-9 6.422295E-6 7.747192E-6 -0.035972998 0.09692383 0.09692383
6.414296E-6 -1.1460665E-9 6.4143414E-6 7.736893E-6 -0.036281966 0.09741211 0.09741211
6.4063643E-6 -1.1180357E-9 6.4060937E-6 7.726364E-6 -0.036281966 0.09790039 0.09790039
6.3984276E-6 -1.1190738E-9 6.3987295E-6 7.715836E-6 -0.036281966 0.09838867 0.09838867
6.390485E-6 -1.1304938E-9 6.3907764E-6 7.705306E-6 -0.035972998 0.09887695 0.09887695
6.3825364E-6 -1.120112E-9 6.382823E-6 7.694778E-6 -0.035972998 0.099365234 0.099365234
6.3745824E-6 -1.1304938E-9 6.37487E-6 7.68425E-6 -0.036281966 0.099853516 0.099853516
6.366623E-6 -1.1460665E-9 6.3669163E-6 7.6737215E-6 -0.035972998 0.1003418 0.1003418
6.358658E-6 -1.1294556E-9 6.358963E-6 7.6634215E-6 -0.035972998 0.10083008 0.10083008
6.3506877E-6 -1.120112E-9 6.3510097E-6 7.652893E-6 -0.036281966 0.10131836 0.10131836
6.3427115E-6 -1.1284175E-9 6.3430566E-6 7.642365E-6 -0.036281966 0.10180664 0.10180664
6.3347297E-6 -1.1159593E-9 6.3353978E-6 7.6318365E-6 -0.03566403 0.10229492 0.10229492
6.3267426E-6 -1.1149212E-9 6.32715E-6 7.6213073E-6 -0.036281966 0.1027832 0.1027832
6.31875E-6 -1.1336083E-9 6.319197E-6 7.611008E-6 -0.035972998 0.103271484 0.103271484
6.3107514E-6 -1.1294556E-9 6.3112434E-6 7.6007077E-6 -0.035972998 0.103759766 0.103759766
6.302748E-6 -1.1336083E-9 6.302701E-6 7.5901794E-6 -0.035972998 0.10424805 0.10424805
6.2947383E-6 -1.1325701E-9 6.2950426E-6 7.5796506E-6 -0.036281966 0.10473633 0.10473633
6.286724E-6 -1.1284175E-9 6.2867944E-6 7.5691223E-6 -0.036281966 0.10522461 0.10522461
6.2787035E-6 -1.1304938E-9 6.279136E-6 7.5588223E-6 -0.036281966 0.10571289 0.10571289
6.270678E-6 -1.1169975E-9 6.2705935E-6 7.5482944E-6 -0.035972998 0.10620117 0.10620117
6.2626473E-6 -1.120112E-9 6.26264E-6 7.537765E-6 -0.036281966 0.10668945 0.10668945
6.2546105E-6 -1.131532E-9 6.2549816E-6 7.5272374E-6 -0.035972998 0.107177734 0.107177734
6.2465683E-6 -1.1232266E-9 6.246439E-6 7.516708E-6 -0.035972998 0.107666016 0.107666016
6.238521E-6 -1.1356847E-9 6.2384856E-6 7.5061803E-6 -0.03566403 0.1081543 0.1081543
6.230469E-6 -1.1055776E-9 6.2305326E-6 7.4958803E-6 -0.036281966 0.10864258 0.10864258
6.222411E-6 -1.125303E-9 6.2228737E-6 7.485581E-6 -0.03566403 0.10913086 0.10913086
6.214347E-6 -1.1273793E-9 6.2149206E-6 7.4750515E-6 -0.035972998 0.10961914 0.10961914
6.206278E-6 -1.1398373E-9 6.206673E-6 7.464523E-6 -0.03566403 0.11010742 0.11010742
6.198204E-6 -1.142952E-9 6.1987193E-6 7.4539944E-6 -0.03566403 0.1105957 0.1105957
6.1901246E-6 -1.1263411E-9 6.1904716E-6 7.443466E-6 -0.03566403 0.111083984 0.111083984
6.18204E-6 -1.1190738E-9 6.1825185E-6 7.4331665E-6 -0.035355065 0.111572266 0.111572266
6.1739497E-6 -1.1118066E-9 6.174565E-6 7.422638E-6 -0.03566403 0.11206055 0.11206055
6.1658543E-6 -1.131532E-9 6.1663172E-6 7.4121094E-6 -0.03566403 0.11254883 0.11254883
6.157754E-6 -1.131532E-9 6.1580695E-6 7.401581E-6 -0.03566403 0.11303711 0.11303711
6.1496476E-6 -1.1398373E-9 6.1498217E-6 7.3910523E-6 -0.035355065 0.11352539 0.11352539
6.1415362E-6 -1.1273793E-9 6.1415735E-6 7.380524E-6 -0.035972998 0.11401367 0.11401367
6.13342E-6 -1.1097303E-9 6.1336204E-6 7.370224E-6 -0.03566403 0.11450195 0.11450195
6.125298E-6 -1.1169975E-9 6.1253727E-6 7.359925E-6 -0.035972998 0.114990234 0.114990234
6.1171704E-6 -1.1190738E-9 6.117714E-6 7.349395E-6 -0.03566403 0.115478516 0.115478516
6.109038E-6 -1.1387992E-9 6.1088767E-6 7.3388674E-6 -0.03566403 0.1159668 0.1159668
6.100901E-6 -1.1398373E-9 6.100629E-6 7.3283386E-6 -0.03566403 0.11645508 0.11645508
6.092758E-6 -1.137761E-9 6.092676E-6 7.3178103E-6 -0.03566403 0.11694336 0.11694336
6.08461E-6 -1.1263411E-9 6.0847224E-6 7.3075103E-6 -0.035355065 0.11743164 0.11743164
6.076457E-6 -1.1471046E-9 6.07618E-6 7.296982E-6 -0.03566403 0.11791992 0.11791992
6.0682987E-6 -1.1211502E-9 6.068227E-6 7.286453E-6 -0.035355065 0.1184082 0.1184082
6.060135E-6 -1.1408756E-9 6.0602733E-6 7.275925E-6 -0.035046097 0.118896484 0.118896484
6.0519665E-6 -1.1190738E-9 6.0520256E-6 7.265396E-6 -0.035972998 0.119384766 0.119384766
6.0437924E-6 -1.1502191E-9 6.0440725E-6 7.254868E-6 -0.035355065 0.11987305 0.11987305
6.0356133E-6 -1.1439901E-9 6.0358248E-6 7.2443386E-6 -0.035355065 0.12036133 0.12036133
6.027429E-6 -1.1408756E-9 6.027871E-6 7.23404E-6 -0.03566403 0.12084961 0.12084961
6.01924E-6 -1.1398373E-9 6.019329E-6 7.2235102E-6 -0.035355065 0.12133789 0.12133789
6.0110456E-6 -1.1387992E-9 6.011081E-6 7.2129824E-6 -0.035355065 0.12182617 0.12182617
6.002846E-6 -1.142952E-9 6.003128E-6 7.202453E-6 -0.035355065 0.12231445 0.12231445
5.994641E-6 -1.1232266E-9 5.9951744E-6 7.1919253E-6 -0.035046097 0.122802734 0.122802734
5.9864315E-6 -1.1336083E-9 5.9869267E-6 7.1816253E-6 -0.035355065 0.123291016 0.123291016
5.978217E-6 -1.131532E-9 5.9783843E-6 7.171097E-6 -0.03566403 0.1237793 0.1237793
5.9699964E-6 -1.1325701E-9 5.9701365E-6 7.160568E-6 -0.035355065 0.12426758 0.12426758
5.961772E-6 -1.1533337E-9 5.9618887E-6 7.15004E-6 -0.035046097 0.12475586 0.12475586
5.953542E-6 -1.1263411E-9 5.9533463E-6 7.13974E-6 -0.035355065 0.12524414 0.12524414
5.945307E-6 -1.1242648E-9 5.9456875E-6 7.1294407E-6 -0.035355065 0.12573242 0.12573242
5.9370664E-6 -1.1263411E-9 5.937145E-6 7.1189115E-6 -0.03566403 0.1262207 0.1262207
5.9288213E-6 -1.1356847E-9 5.928308E-6 7.108383E-6 -0.03473713 0.12670898 0.12670898
5.920571E-6 -1.1221885E-9 5.9206495E-6 7.0978544E-6 -0.035046097 0.12719727 0.12719727
5.912316E-6 -1.1460665E-9 5.912402E-6 7.087326E-6 -0.03473713 0.12768555 0.12768555
5.904056E-6 -1.1387992E-9 5.904743E-6 7.0767974E-6 -0.035046097 0.12817383 0.12817383
5.8957903E-6 -1.142952E-9 5.895611E-6 7.066269E-6 -0.035046097 0.12866211 0.12866211
5.8875203E-6 -1.1512573E-9 5.8873634E-6 7.055969E-6 -0.03473713 0.12915039 0.12915039
5.879245E-6 -1.131532E-9 5.8791156E-6 7.0454407E-6 -0.035046097 0.12963867 0.12963867
5.8709647E-6 -1.1242648E-9 5.870868E-6 7.034912E-6 -0.03473713 0.13012695 0.13012695
5.8626797E-6 -1.1325701E-9 5.863209E-6 7.024384E-6 -0.035046097 0.13061523 0.13061523
5.8543897E-6 -1.1180357E-9 5.854372E-6 7.0138544E-6 -0.035046097 0.13110352 0.13110352
5.8460946E-6 -1.1367228E-9 5.846124E-6 7.0035558E-6 -0.035046097 0.1315918 0.1315918
5.8377946E-6 -1.1367228E-9 5.8375817E-6 6.9930265E-6 -0.03473713 0.13208008 0.13208008
5.82949E-6 -1.1460665E-9 5.8290393E-6 6.9824982E-6 -0.035046097 0.13256836 0.13256836
5.82118E-6 -1.149181E-9 5.8207916E-6 6.9719695E-6 -0.035046097 0.13305664 0.13305664
5.8128653E-6 -1.1439901E-9 5.812544E-6 6.961441E-6 -0.035046097 0.13354492 0.13354492
5.8045453E-6 -1.1273793E-9 5.8045907E-6 6.9509124E-6 -0.035355065 0.1340332 0.1340332
5.796221E-6 -1.1574863E-9 5.7960483E-6 6.940384E-6 -0.035046097 0.13452148 0.13452148
5.7878915E-6 -1.1346465E-9 5.7880948E-6 6.930084E-6 -0.035046097 0.13500977 0.13500977
5.7795573E-6 -1.1232266E-9 5.7795523E-6 6.9195557E-6 -0.035046097 0.13549805 0.13549805
5.771218E-6 -1.1471046E-9 5.77101E-6 6.909256E-6 -0.035046097 0.13598633 0.13598633
5.762874E-6 -1.1304938E-9 5.762762E-6 6.898728E-6 -0.035355065 0.13647461 0.13647461
5.7545253E-6 -1.1304938E-9 5.7542197E-6 6.888198E-6 -0.035046097 0.13696289 0.13696289
5.7461716E-6 -1.1242648E-9 5.7462667E-6 6.8778995E-6 -0.03473713 0.13745117 0.13745117
5.737813E-6 -1.1481428E-9 5.7380184E-6 6.8673703E-6 -0.035046097 0.13793945 0.13793945
5.7294496E-6 -1.1419138E-9 5.7294765E-6 6.856842E-6 -0.03473713 0.13842773 0.13842773
5.7210814E-6 -1.1408756E-9 5.720934E-6 6.846313E-6 -0.034428164 0.13891602 0.13891602
5.7127086E-6 -1.1346465E-9 5.7123916E-6 6.835785E-6 -0.03473713 0.1394043 0.1394043
5.7043308E-6 -1.1387992E-9 5.7041434E-6 6.825256E-6 -0.035046097 0.13989258 0.13989258
5.695948E-6 -1.1512573E-9 5.695601E-6 6.814728E-6 -0.03473713 0.14038086 0.14038086
5.6875606E-6 -1.1336083E-9 5.687353E-6 6.8044283E-6 -0.03473713 0.14086914 0.14086914
5.6791687E-6 -1.1408756E-9 5.678811E-6 6.7939E-6 -0.03473713 0.14135742 0.14135742
5.6707713E-6 -1.137761E-9 5.6708577E-6 6.783371E-6 -0.034428164 0.1418457 0.1418457
5.66237E-6 -1.1481428E-9 5.6623153E-6 6.772843E-6 -0.034119196 0.14233398 0.14233398
5.6539634E-6 -1.1481428E-9 5.653184E-6 6.762313E-6 -0.03473713 0.14282227 0.14282227
5.6455524E-6 -1.1304938E-9 5.6452304E-6 6.752014E-6 -0.03473713 0.14331055 0.14331055
5.6371364E-6 -1.137761E-9 5.6369827E-6 6.7414853E-6 -0.033810228 0.14379883 0.14379883
5.628716E-6 -1.137761E-9 5.628735E-6 6.730957E-6 -0.034428164 0.14428711 0.14428711
5.6202903E-6 -1.1284175E-9 5.619898E-6 6.7204282E-6 -0.03473713 0.14477539 0.14477539
5.6118606E-6 -1.1336083E-9 5.612239E-6 6.7099E-6 -0.034119196 0.14526367 0.14526367
5.6034255E-6 -1.1232266E-9 5.6034023E-6 6.6996E-6 -0.034428164 0.14575195 0.14575195
5.5949863E-6 -1.131532E-9 5.59486E-6 6.689072E-6 -0.03473713 0.14624023 0.14624023
5.586542E-6 -1.1419138E-9 5.5863175E-6 6.678772E-6 -0.03473713 0.14672852 0.14672852
5.5780934E-6 -1.1242648E-9 5.577775E-6 6.6682437E-6 -0.034428164 0.1472168 0.1472168
5.56964E-6 -1.1419138E-9 5.5695273E-6 6.6577145E-6 -0.034119196 0.14770508 0.14770508
5.5611818E-6 -1.1304938E-9 5.56069E-6 6.6471866E-6 -0.034428164 0.14819336 0.14819336
5.552719E-6 -1.1574863E-9 5.5524424E-6 6.6366574E-6 -0.034428164 0.14868164 0.14868164
5.5442515E-6 -1.1367228E-9 5.544194E-6 6.626358E-6 -0.03473713 0.14916992 0.14916992
5.53578E-6 -1.1263411E-9 5.5356522E-6 6.615829E-6 -0.03473713 0.1496582 0.1496582
5.527303E-6 -1.1242648E-9 5.52711E-6 6.6053008E-6 -0.034428164 0.15014648 0.15014648
5.518822E-6 -1.1211502E-9 5.5188616E-6 6.594772E-6 -0.03473713 0.15063477 0.15063477
5.510336E-6 -1.137761E-9 5.510025E-6 6.5842437E-6 -0.034428164 0.15112305 0.15112305
5.5018454E-6 -1.1419138E-9 5.5020714E-6 6.573944E-6 -0.03473713 0.15161133 0.15161133
5.4933507E-6 -1.1512573E-9 5.4932348E-6 6.563416E-6 -0.03473713 0.15209961 0.15209961
5.484851E-6 -1.1304938E-9 5.4849866E-6 6.552887E-6 -0.034428164 0.15258789 0.15258789
5.4763473E-6 -1.120112E-9 5.47615E-6 6.5423587E-6 -0.03473713 0.15307617 0.15307617
5.4678385E-6 -1.1336083E-9 5.467313E-6 6.5318295E-6 -0.033810228 0.15356445 0.15356445
5.459325E-6 -1.1232266E-9 5.4593597E-6 6.521301E-6 -0.034119196 0.15405273 0.15405273
5.4508073E-6 -1.1419138E-9 5.4508173E-6 6.5107724E-6 -0.034119196 0.15454102 0.15454102
5.4422853E-6 -1.1211502E-9 5.44198E-6 6.500473E-6 -0.034119196 0.1550293 0.1550293
5.4337584E-6 -1.1387992E-9 5.4334378E-6 6.489944E-6 -0.034428164 0.15551758 0.15551758
5.4252273E-6 -1.1460665E-9 5.4246007E-6 6.479416E-6 -0.034119196 0.15600586 0.15600586
5.4166912E-6 -1.1512573E-9 5.4160582E-6 6.468887E-6 -0.034428164 0.15649414 0.15649414
5.408151E-6 -1.1512573E-9 5.4078105E-6 6.458588E-6 -0.033810228 0.15698242 0.15698242
5.3996064E-6 -1.1564482E-9 5.399268E-6 6.448288E-6 -0.034428164 0.1574707 0.1574707
5.391057E-6 -1.1471046E-9 5.3910203E-6 6.4377596E-6 -0.034428164 0.15795898 0.15795898
5.382504E-6 -1.1595628E-9 5.3827725E-6 6.427231E-6 -0.033810228 0.15844727 0.15844727
5.3739454E-6 -1.1367228E-9 5.3739354E-6 6.4167025E-6 -0.034119196 0.15893555 0.15893555
5.365383E-6 -1.1419138E-9 5.3650983E-6 6.4061733E-6 -0.033810228 0.15942383 0.15942383
5.356816E-6 -1.1398373E-9 5.3562617E-6 6.395645E-6 -0.034428164 0.15991211 0.15991211
5.348245E-6 -1.131532E-9 5.3477193E-6 6.385116E-6 -0.034119196 0.16040039 0.16040039
5.339669E-6 -1.1408756E-9 5.3385875E-6 6.374817E-6 -0.033810228 0.16088867 0.16088867
5.3310887E-6 -1.1419138E-9 5.3306344E-6 6.364288E-6 -0.033810228 0.16137695 0.16137695
5.3225044E-6 -1.15541E-9 5.3223866E-6 6.35376E-6 -0.034428164 0.16186523 0.16186523
5.313915E-6 -1.1502191E-9 5.3141384E-6 6.3432312E-6 -0.034119196 0.16235352 0.16235352
5.3053222E-6 -1.1419138E-9 5.305596E-6 6.332703E-6 -0.034119196 0.1628418 0.1628418
5.2967243E-6 -1.1481428E-9 5.2967594E-6 6.322403E-6 -0.034119196 0.16333008 0.16333008
5.288123E-6 -1.1273793E-9 5.288217E-6 6.3118746E-6 -0.034119196 0.16381836 0.16381836
5.2795162E-6 -1.1543718E-9 5.27938E-6 6.3013454E-6 -0.033810228 0.16430664 0.16430664
5.2709056E-6 -1.1450283E-9 5.2708374E-6 6.290817E-6 -0.034119196 0.16479492 0.16479492
5.2622904E-6 -1.1284175E-9 5.262295E-6 6.2802883E-6 -0.034119196 0.1652832 0.1652832
5.2536716E-6 -1.1512573E-9 5.253458E-6 6.2699887E-6 -0.033501264 0.16577148 0.16577148
5.2450478E-6 -1.120112E-9 5.24521E-6 6.25946E-6 -0.033810228 0.16625977 0.16625977
5.2364203E-6 -1.1408756E-9 5.236079E-6 6.2489316E-6 -0.034119196 0.16674805 0.16674805
5.227788E-6 -1.1502191E-9 5.2275363E-6 6.238403E-6 -0.033810228 0.16723633 0.16723633
5.2191517E-6 -1.1408756E-9 5.2186992E-6 6.2281038E-6 -0.033810228 0.16772461 0.16772461
5.210511E-6 -1.1564482E-9 5.2104515E-6 6.217575E-6 -0.033501264 0.16821289 0.16821289
5.2018668E-6 -1.1273793E-9 5.201909E-6 6.2070467E-6 -0.033810228 0.16870117 0.16870117
5.1932175E-6 -1.1304938E-9 5.1927777E-6 6.1967467E-6 -0.033810228 0.16918945 0.16918945
5.184564E-6 -1.1522955E-9 5.1839406E-6 6.186219E-6 -0.033810228 0.16967773 0.16967773
5.175907E-6 -1.1398373E-9 5.175693E-6 6.175689E-6 -0.034428164 0.17016602 0.17016602
5.1672455E-6 -1.1533337E-9 5.1671504E-6 6.165161E-6 -0.034119196 0.1706543 0.1706543
5.1585794E-6 -1.1502191E-9 5.1580187E-6 6.154632E-6 -0.034428164 0.17114258 0.17114258
5.1499096E-6 -1.137761E-9 5.149771E-6 6.144333E-6 -0.034428164 0.17163086 0.17163086
5.1412358E-6 -1.1533337E-9 5.1412285E-6 6.133804E-6 -0.033810228 0.17211914 0.17211914
5.1325574E-6 -1.1232266E-9 5.1323914E-6 6.123276E-6 -0.034119196 0.17260742 0.17260742
5.1238753E-6 -1.142952E-9 5.123849E-6 6.112747E-6 -0.033810228 0.1730957 0.1730957
5.1151887E-6 -1.1450283E-9 5.1150123E-6 6.102219E-6 -0.033810228 0.17358398 0.17358398
5.106498E-6 -1.1564482E-9 5.10647E-6 6.09169E-6 -0.033810228 0.17407227 0.17407227
5.0978033E-6 -1.1678681E-9 5.0976328E-6 6.0811617E-6 -0.033501264 0.17456055 0.17456055
5.089105E-6 -1.160601E-9 5.0887957E-6 6.0708617E-6 -0.033810228 0.17504883 0.17504883
5.080402E-6 -1.1564482E-9 5.0802532E-6 6.0603334E-6 -0.033501264 0.17553711 0.17553711
5.0716953E-6 -1.1387992E-9 5.0717113E-6 6.0498046E-6 -0.033501264 0.17602539 0.17602539
5.0629847E-6 -1.1471046E-9 5.062874E-6 6.039276E-6 -0.033192296 0.17651367 0.17651367
5.0542694E-6 -1.1522955E-9 5.054037E-6 6.0287475E-6 -0.033810228 0.17700195 0.17700195
5.045551E-6 -1.1263411E-9 5.0454946E-6 6.018448E-6 -0.033810228 0.17749023 0.17749023
5.036828E-6 -1.1284175E-9 5.0366575E-6 6.0079196E-6 -0.033501264 0.17797852 0.17797852
5.0281014E-6 -1.1387992E-9 5.0284098E-6 5.9976196E-6 -0.033810228 0.1784668 0.1784668
5.0193703E-6 -1.1419138E-9 5.0189838E-6 5.987091E-6 -0.033501264 0.17895508 0.17895508
5.010636E-6 -1.1533337E-9 5.010736E-6 5.9765625E-6 -0.033501264 0.17944336 0.17944336
5.001897E-6 -1.137761E-9 5.001899E-6 5.9660338E-6 -0.034119196 0.17993164 0.17993164
4.9931546E-6 -1.1574863E-9 4.993062E-6 5.9555055E-6 -0.033501264 0.18041992 0.18041992
4.984408E-6 -1.1419138E-9 4.9845194E-6 5.945206E-6 -0.033810228 0.1809082 0.1809082
4.9756572E-6 -1.1221885E-9 4.975388E-6 5.934677E-6 -0.034119196 0.18139648 0.18139648
4.9669034E-6 -1.1460665E-9 4.966551E-6 5.924149E-6 -0.033192296 0.18188477 0.18188477
4.958145E-6 -1.1408756E-9 4.9577143E-6 5.91362E-6 -0.033192296 0.18237305 0.18237305
4.949383E-6 -1.1304938E-9 4.949466E-6 5.9030917E-6 -0.033501264 0.18286133 0.18286133
4.940617E-6 -1.1564482E-9 4.9406294E-6 5.8927917E-6 -0.033501264 0.18334961 0.18334961
4.9318473E-6 -1.1273793E-9 4.932087E-6 5.8822634E-6 -0.034119196 0.18383789 0.18383789
4.923074E-6 -1.1585246E-9 4.92325E-6 5.8717346E-6 -0.033501264 0.18432617 0.18432617
4.914297E-6 -1.137761E-9 4.914413E-6 5.861206E-6 -0.033501264 0.18481445 0.18481445
4.9055157E-6 -1.1398373E-9 4.904987E-6 5.8506776E-6 -0.033501264 0.18530273 0.18530273
4.8967313E-6 -1.142952E-9 4.896739E-6 5.8403775E-6 -0.033192296 0.18579102 0.18579102
4.8879424E-6 -1.1533337E-9 4.887902E-6 5.8298497E-6 -0.032883327 0.1862793 0.1862793
4.8791503E-6 -1.1408756E-9 4.8787706E-6 5.819321E-6 -0.032883327 0.18676758 0.18676758
4.870354E-6 -1.1325701E-9 4.870523E-6 5.8087917E-6 -0.033501264 0.18725586 0.18725586
4.8615548E-6 -1.1325701E-9 4.8619804E-6 5.798264E-6 -0.033192296 0.18774414 0.18774414
4.8527513E-6 -1.1336083E-9 4.8531433E-6 5.7877346E-6 -0.032883327 0.18823242 0.18823242
4.843944E-6 -1.1533337E-9 4.8440115E-6 5.7774355E-6 -0.032883327 0.1887207 0.1887207
4.8351335E-6 -1.1336083E-9 4.835175E-6 5.7671355E-6 -0.032574363 0.18920898 0.18920898
4.826319E-6 -1.1356847E-9 4.8266324E-6 5.7566067E-6 -0.032883327 0.18969727 0.18969727
4.817501E-6 -1.1180357E-9 4.8177953E-6 5.7460784E-6 -0.033192296 0.19018555 0.19018555
4.8086795E-6 -1.1419138E-9 4.8089582E-6 5.7355496E-6 -0.033192296 0.19067383 0.19067383
4.7998547E-6 -1.1512573E-9 4.800416E-6 5.7250213E-6 -0.032883327 0.19116211 0.19116211
4.791026E-6 -1.1471046E-9 4.7912845E-6 5.7147217E-6 -0.033192296 0.19165039 0.19165039
4.7821936E-6 -1.125303E-9 4.7824474E-6 5.7041934E-6 -0.033192296 0.19213867 0.19213867
4.773358E-6 -1.149181E-9 4.7736107E-6 5.6936647E-6 -0.033501264 0.19262695 0.19262695
4.7645185E-6 -1.1367228E-9 4.7653625E-6 5.683136E-6 -0.033501264 0.19311523 0.19311523
4.755676E-6 -1.1398373E-9 4.7559365E-6 5.6726076E-6 -0.032574363 0.19360352 0.19360352
4.7468297E-6 -1.125303E-9 4.746805E-6 5.662079E-6 -0.032883327 0.1940918 0.1940918
4.73798E-6 -1.137761E-9 4.7376734E-6 5.6515505E-6 -0.032883327 0.19458008 0.19458008
4.729127E-6 -1.1408756E-9 4.729131E-6 5.6412505E-6 -0.033192296 0.19506836 0.19506836
4.72027E-6 -1.1419138E-9 4.7202943E-6 5.6307217E-6 -0.032883327 0.19555664 0.19555664
4.7114104E-6 -1.1356847E-9 4.711457E-6 5.6201934E-6 -0.033192296 0.19604492 0.19604492
4.702547E-6 -1.1502191E-9 4.702915E-6 5.6096646E-6 -0.032574363 0.1965332 0.1965332
4.6936802E-6 -1.1450283E-9 4.693489E-6 5.5991363E-6 -0.032574363 0.19702148 0.19702148
4.6848104E-6 -1.1439901E-9 4.6849464E-6 5.5888368E-6 -0.032574363 0.19750977 0.19750977
4.675937E-6 -1.120112E-9 4.676404E-6 5.578308E-6 -0.032574363 0.19799805 0.19799805
4.6670602E-6 -1.142952E-9 4.6678615E-6 5.5677797E-6 -0.032883327 0.19848633 0.19848633
4.6581804E-6 -1.137761E-9 4.6584355E-6 5.557251E-6 -0.032265395 0.19897461 0.19897461
4.6492974E-6 -1.137761E-9 4.6493037E-6 5.5469513E-6 -0.032883327 0.19946289 0.19946289
4.6404107E-6 -1.1336083E-9 4.6407613E-6 5.5364226E-6 -0.032883327 0.19995117 0.19995117
4.631521E-6 -1.1439901E-9 4.63163E-6 5.525894E-6 -0.032883327 0.20043945 0.20043945
4.6226282E-6 -1.1273793E-9 4.6230875E-6 5.5155947E-6 -0.032883327 0.20092773 0.20092773
4.613732E-6 -1.1294556E-9 4.6142504E-6 5.505066E-6 -0.033192296 0.20141602 0.20141602
4.604833E-6 -1.1419138E-9 4.6054133E-6 5.4945376E-6 -0.032574363 0.2019043 0.2019043
4.5959305E-6 -1.1439901E-9 4.5959873E-6 5.484009E-6 -0.032883327 0.20239258 0.20239258
4.587025E-6 -1.1325701E-9 4.586856E-6 5.4734805E-6 -0.032883327 0.20288086 0.20288086
4.5781167E-6 -1.1325701E-9 4.5783136E-6 5.4631805E-6 -0.033501264 0.20336914 0.20336914
4.569205E-6 -1.1481428E-9 4.569771E-6 5.4526517E-6 -0.032883327 0.20385742 0.20385742
4.56029E-6 -1.1522955E-9 4.560934E-6 5.4421234E-6 -0.032883327 0.2043457 0.2043457
4.551372E-6 -1.131532E-9 4.5518027E-6 5.4315947E-6 -0.033192296 0.20483398 0.20483398
4.5424517E-6 -1.1294556E-9 4.5429656E-6 5.4210664E-6 -0.033192296 0.20532227 0.20532227
4.5335278E-6 -1.1387992E-9 4.533245E-6 5.410767E-6 -0.032574363 0.20581055 0.20581055
4.524601E-6 -1.1408756E-9 4.524997E-6 5.4002376E-6 -0.032883327 0.20629883 0.20629883
4.515671E-6 -1.131532E-9 4.515571E-6 5.3897097E-6 -0.032883327 0.20678711 0.20678711
4.5067386E-6 -1.137761E-9 4.5064394E-6 5.3791814E-6 -0.032265395 0.20727539 0.20727539
4.4978033E-6 -1.1522955E-9 4.497897E-6 5.3686517E-6 -0.032883327 0.20776367 0.20776367
4.4888648E-6 -1.1232266E-9 4.4893545E-6 5.358124E-6 -0.032574363 0.20825195 0.20825195
4.4799235E-6 -1.1408756E-9 4.480223E-6 5.3475956E-6 -0.032265395 0.20874023 0.20874023
4.4709795E-6 -1.1419138E-9 4.471386E-6 5.3372955E-6 -0.032883327 0.20922852 0.20922852
4.4620324E-6 -1.1284175E-9 4.462549E-6 5.326767E-6 -0.032574363 0.2097168 0.2097168
4.453083E-6 -1.1522955E-9 4.4537123E-6 5.316467E-6 -0.032574363 0.21020508 0.21020508
4.444131E-6 -1.1387992E-9 4.444286E-6 5.3059393E-6 -0.032574363 0.21069336 0.21069336
4.4351755E-6 -1.1439901E-9 4.4351546E-6 5.2954097E-6 -0.032574363 0.21118164 0.21118164
4.4262174E-6 -1.1481428E-9 4.426023E-6 5.285111E-6 -0.031956427 0.21166992 0.21166992
4.417257E-6 -1.1336083E-9 4.417186E-6 5.274582E-6 -0.032265395 0.2121582 0.2121582
4.4082935E-6 -1.1502191E-9 4.408349E-6 5.2640535E-6 -0.032265395 0.21264648 0.21264648
4.399328E-6 -1.1346465E-9 4.3998066E-6 5.253525E-6 -0.032574363 0.21313477 0.21313477
4.3903597E-6 -1.1522955E-9 4.3903806E-6 5.242996E-6 -0.032574363 0.21362305 0.21362305
4.381389E-6 -1.1439901E-9 4.3815435E-6 5.2324676E-6 -0.032574363 0.21411133 0.21411133
4.3724153E-6 -1.1336083E-9 4.3721175E-6 5.2219393E-6 -0.032883327 0.21459961 0.21459961
4.363439E-6 -1.1387992E-9 4.3632804E-6 5.2116393E-6 -0.032574363 0.21508789 0.21508789
4.3544605E-6 -1.1346465E-9 4.3538544E-6 5.201111E-6 -0.032574363 0.21557617 0.21557617
4.3454797E-6 -1.0837758E-9 4.3456066E-6 5.1905818E-6 -0.033192296 0.21606445 0.21606445
4.336496E-6 -1.0111035E-9 4.3361806E-6 5.1800534E-6 -0.033810228 0.21655273 0.21655273
4.32751E-6 -9.581567E-10 4.3273435E-6 5.169525E-6 -0.034119196 0.21704102 0.21704102
4.318522E-6 -8.678353E-10 4.3185064E-6 5.1592256E-6 -0.034428164 0.2175293 0.2175293
4.309531E-6 -8.0554474E-10 4.309375E-6 5.1486973E-6 -0.034428164 0.21801758 0.21801758
4.300538E-6 -7.100326E-10 4.3002433E-6 5.138168E-6 -0.03473713 0.21850586 0.21850586
4.291543E-6 -6.456657E-10 4.291112E-6 5.1276397E-6 -0.035355065 0.21899414 0.21899414
4.2825454E-6 -5.937569E-10 4.282275E-6 5.1171114E-6 -0.035355065 0.21948242 0.21948242
4.273545E-6 -5.1277915E-10 4.2731435E-6 5.106582E-6 -0.035972998 0.2199707 0.2199707
4.2645433E-6 -4.6502308E-10 4.2643064E-6 5.096283E-6 -0.036281966 0.22045898 0.22045898
4.255539E-6 -4.2557244E-10 4.255764E-6 5.0859835E-6 -0.03659093 0.22094727 0.22094727
4.2465326E-6 -3.5497644E-10 4.246338E-6 5.0752255E-6 -0.03659093 0.22143555 0.22143555
4.237524E-6 -2.9891495E-10 4.2366173E-6 5.0649255E-6 -0.0368999 0.22192383 0.22192383
4.2285133E-6 -2.3558622E-10 4.2283696E-6 5.0543977E-6 -0.03751783 0.22241211 0.22241211
4.2195006E-6 -1.8886831E-10 4.2195325E-6 5.0438694E-6 -0.0378268 0.22290039 0.22290039
4.2104857E-6 -1.2657776E-10 4.210401E-6 5.0335693E-6 -0.0378268 0.22338867 0.22338867
4.2014694E-6 -6.221086E-11 4.201564E-6 5.023041E-6 -0.03844473 0.22387695 0.22387695
4.19245E-6 1.3575979E-11 4.1930216E-6 5.012512E-6 -0.0387537 0.22436523 0.22436523
4.1834296E-6 5.406484E-11 4.1835956E-6 5.0019835E-6 -0.039062668 0.22485352 0.22485352
4.1744065E-6 1.09088155E-10 4.174464E-6 4.991455E-6 -0.039371632 0.2253418 0.2253418
4.1653825E-6 1.5372972E-10 4.1656267E-6 4.9811556E-6 -0.039371632 0.22583008 0.22583008
4.156356E-6 2.0875304E-10 4.1564954E-6 4.9706273E-6 -0.0396806 0.22631836 0.22631836
4.1473277E-6 2.700054E-10 4.1467747E-6 4.9600976E-6 -0.040298536 0.22680664 0.22680664
4.1382978E-6 3.2814326E-10 4.1382323E-6 4.9495693E-6 -0.04091647 0.22729492 0.22729492
4.129266E-6 4.2676995E-10 4.129101E-6 4.9390414E-6 -0.041225437 0.2277832 0.2277832
4.1202325E-6 4.869842E-10 4.120264E-6 4.9285118E-6 -0.041225437 0.22827148 0.22827148
4.111197E-6 5.3785476E-10 4.110543E-6 4.9179835E-6 -0.0415344 0.22875977 0.22875977
4.1021603E-6 6.177943E-10 4.101706E-6 4.907684E-6 -0.042152338 0.22924805 0.22924805

# index: 2088
# xPosition: -1.514408934621191E-5
# yPosition: -5.257427343274985E-6
# approachID: 2011.04.15-14.25.56-00296
# forceSettings: relative
# zRelativeStart: 6.999999999999998E-6
# zRelativeEnd: 0.0
# forceBaseline: -0.3616478357891878
# forceBaselineMeasured: true
# forceRelativeSetpoint: 0.5370543097993561
# setpoint: 0.1754064740101683
# kLength: 668
# zStartPauseOption: constantHeight
# zEndPauseOption: feedbackOn
# feedbackMode: contact
# pauseBeforeFirst: 0.0
# traceScanTime: 0.326171875
# retraceScanTime: 0.326171875
# pauseAtStart: 0.0
# pauseAtEnd: 0.0
# pauseOnTipsaver: 0
# scanner: false
# date: Tue Apr 19 14:10:08 CEST 2011
#
# direction: retrace
# columns: smoothedStrainGaugeHeight vDeflection strainGaugeHeight height hDeflection seriesTime time
# fancyNames: "Height (measured & smoothed)" "Vertical Deflection" "Height (measured)" "Height" "Lateral Deflection" "Series Time" "Time"
# heightMultiplier: 0.62561
# heightOffset: 0.0
# sensitivity: 4.189520424555576E-8
# springConstant: 0.08
# calibrationSlots: nominal force nominal nominal volts elapsed elapsed
# units: m N m m V s s
#
9.8044575E-6 -1.2737621E-9 9.798901E-6 1.1897278E-5 -0.036281966 0.5554199 0.32592773
9.792591E-6 -1.267533E-9 9.787708E-6 1.1886978E-5 -0.035972998 0.55493164 0.32543945
9.780748E-6 -1.2820675E-9 9.7762195E-6 1.1876449E-5 -0.035972998 0.55444336 0.32495117
9.768926E-6 -1.3017928E-9 9.764732E-6 1.1865921E-5 -0.035972998 0.5539551 0.3244629
9.757128E-6 -1.2986783E-9 9.7535385E-6 1.1855393E-5 -0.035972998 0.5534668 0.3239746
9.745352E-6 -1.285182E-9 9.742051E-6 1.1844864E-5 -0.036281966 0.5529785 0.32348633
9.733599E-6 -1.2779148E-9 9.730857E-6 1.1834564E-5 -0.03659093 0.55249023 0.32299805
9.721867E-6 -1.2831056E-9 9.7196635E-6 1.1824036E-5 -0.036281966 0.55200195 0.32250977
9.710158E-6 -1.2810293E-9 9.707881E-6 1.1813507E-5 -0.03659093 0.5515137 0.32202148
9.69847E-6 -1.2799911E-9 9.696687E-6 1.1802978E-5 -0.036281966 0.5510254 0.3215332
9.686804E-6 -1.2737621E-9 9.685199E-6 1.179245E-5 -0.0368999 0.5505371 0.32104492
9.675161E-6 -1.2758384E-9 9.673417E-6 1.1782151E-5 -0.0368999 0.5500488 0.32055664
9.663538E-6 -1.2831056E-9 9.662517E-6 1.1771622E-5 -0.035972998 0.54956055 0.32006836
9.651936E-6 -1.2882966E-9 9.651029E-6 1.1761093E-5 -0.035972998 0.54907227 0.31958008
9.640356E-6 -1.2758384E-9 9.639836E-6 1.1750564E-5 -0.0368999 0.548584 0.3190918
9.628797E-6 -1.2872584E-9 9.628348E-6 1.1740036E-5 -0.037208866 0.5480957 0.31860352
9.617259E-6 -1.2997164E-9 9.617449E-6 1.1729508E-5 -0.036281966 0.5476074 0.31811523
9.605741E-6 -1.2779148E-9 9.605961E-6 1.1718979E-5 -0.03659093 0.54711914 0.31762695
9.594245E-6 -1.2696094E-9 9.594767E-6 1.1708679E-5 -0.036281966 0.54663086 0.31713867
9.582768E-6 -1.2924493E-9 9.583574E-6 1.169838E-5 -0.03659093 0.5461426 0.3166504
9.571313E-6 -1.2976401E-9 9.572381E-6 1.1687851E-5 -0.03659093 0.5456543 0.3161621
9.559877E-6 -1.2976401E-9 9.560597E-6 1.1677323E-5 -0.0368999 0.545166 0.31567383
9.548462E-6 -1.285182E-9 9.549404E-6 1.1666793E-5 -0.03659093 0.54467773 0.31518555
9.537067E-6 -1.2882966E-9 9.538506E-6 1.1656494E-5 -0.03659093 0.54418945 0.31469727
9.525691E-6 -1.285182E-9 9.527017E-6 1.1645965E-5 -0.03659093 0.5437012 0.31420898
9.514336E-6 -1.2986783E-9 9.51494E-6 1.1635437E-5 -0.03659093 0.5432129 0.3137207
9.503E-6 -1.2882966E-9 9.504631E-6 1.1624908E-5 -0.03659093 0.5427246 0.31323242
9.491683E-6 -1.2799911E-9 9.493437E-6 1.161438E-5 -0.03659093 0.5422363 0.31274414
9.480386E-6 -1.2779148E-9 9.481654E-6 1.1603851E-5 -0.036281966 0.54174805 0.31225586
9.469109E-6 -1.2934874E-9 9.470756E-6 1.1593323E-5 -0.036281966 0.54125977 0.31176758
9.45785E-6 -1.3038691E-9 9.459856E-6 1.1583023E-5 -0.035972998 0.5407715 0.3112793
9.44661E-6 -1.2862201E-9 9.448074E-6 1.1572494E-5 -0.036281966 0.5402832 0.31079102
9.43539E-6 -1.2592276E-9 9.437469E-6 1.1561966E-5 -0.0368999 0.5397949 0.31030273
9.424189E-6 -1.2831056E-9 9.426276E-6 1.1551438E-5 -0.036281966 0.53930664 0.30981445
9.4130055E-6 -1.2903729E-9 9.414788E-6 1.1540908E-5 -0.036281966 0.53881836 0.30932617
9.4018405E-6 -1.2779148E-9 9.404183E-6 1.1530609E-5 -0.036281966 0.5383301 0.3088379
9.390695E-6 -1.2934874E-9 9.39299E-6 1.152008E-5 -0.0368999 0.5378418 0.3083496
9.379566E-6 -1.2862201E-9 9.381796E-6 1.1509552E-5 -0.036281966 0.5373535 0.30786133
9.368457E-6 -1.3049074E-9 9.370898E-6 1.14990235E-5 -0.036281966 0.53686523 0.30737305
9.357365E-6 -1.2831056E-9 9.35941E-6 1.1488495E-5 -0.035972998 0.53637695 0.30688477
9.346292E-6 -1.2893348E-9 9.3485105E-6 1.1478195E-5 -0.036281966 0.5358887 0.30639648
9.335236E-6 -1.2914111E-9 9.337023E-6 1.1467667E-5 -0.035972998 0.5354004 0.3059082
9.324198E-6 -1.2893348E-9 9.326123E-6 1.1457367E-5 -0.036281966 0.5349121 0.30541992
9.3131775E-6 -1.285182E-9 9.31493E-6 1.14468385E-5 -0.036281966 0.5344238 0.30493164
9.3021745E-6 -1.2882966E-9 9.303736E-6 1.1436309E-5 -0.035972998 0.53393555 0.30444336
9.29119E-6 -1.2924493E-9 9.292543E-6 1.1425782E-5 -0.036281966 0.53344727 0.30395508
9.280221E-6 -1.267533E-9 9.281938E-6 1.1415253E-5 -0.036281966 0.532959 0.3034668
9.269271E-6 -1.2571513E-9 9.27104E-6 1.14049535E-5 -0.03659093 0.5324707 0.30297852
9.258336E-6 -1.2789529E-9 9.260435E-6 1.1394424E-5 -0.036281966 0.5319824 0.30249023
9.247419E-6 -1.2914111E-9 9.249537E-6 1.1383896E-5 -0.036281966 0.53149414 0.30200195
9.236519E-6 -1.2945256E-9 9.238637E-6 1.1373367E-5 -0.037208866 0.53100586 0.30151367
9.225636E-6 -1.2893348E-9 9.227444E-6 1.1362839E-5 -0.036281966 0.5305176 0.3010254
9.214769E-6 -1.3111364E-9 9.216545E-6 1.1352538E-5 -0.036281966 0.5300293 0.3005371
9.203919E-6 -1.2820675E-9 9.205941E-6 1.134201E-5 -0.03659093 0.529541 0.30004883
9.193085E-6 -1.2945256E-9 9.194747E-6 1.1331482E-5 -0.03659093 0.52905273 0.29956055
9.182268E-6 -1.2934874E-9 9.183848E-6 1.13209535E-5 -0.036281966 0.52856445 0.29907227
9.171466E-6 -1.2934874E-9 9.173538E-6 1.1310424E-5 -0.036281966 0.5280762 0.29858398
9.160681E-6 -1.2903729E-9 9.16264E-6 1.1299897E-5 -0.03659093 0.5275879 0.2980957
9.149911E-6 -1.2779148E-9 9.151446E-6 1.1289368E-5 -0.036281966 0.5270996 0.29760742
9.1391585E-6 -1.2882966E-9 9.140842E-6 1.1279068E-5 -0.036281966 0.5266113 0.29711914
9.12842E-6 -1.2872584E-9 9.129648E-6 1.1268539E-5 -0.03659093 0.52612305 0.29663086
9.117698E-6 -1.2696094E-9 9.11816E-6 1.1258011E-5 -0.03659093 0.52563477 0.29614258
9.106992E-6 -1.2831056E-9 9.107555E-6 1.1247711E-5 -0.03659093 0.5251465 0.2956543
9.096301E-6 -1.2810293E-9 9.097246E-6 1.1237183E-5 -0.036281966 0.5246582 0.29516602
9.085626E-6 -1.2882966E-9 9.0866415E-6 1.1226653E-5 -0.035972998 0.5241699 0.29467773
9.074965E-6 -1.2893348E-9 9.076037E-6 1.1216354E-5 -0.036281966 0.52368164 0.29418945
9.06432E-6 -1.2737621E-9 9.065138E-6 1.1205826E-5 -0.036281966 0.52319336 0.29370117
9.05369E-6 -1.2903729E-9 9.054534E-6 1.1195298E-5 -0.035972998 0.5227051 0.2932129
9.043075E-6 -1.2779148E-9 9.04393E-6 1.11847685E-5 -0.035972998 0.5222168 0.2927246
9.032475E-6 -1.2768766E-9 9.03303E-6 1.117424E-5 -0.035972998 0.5217285 0.29223633
9.021889E-6 -1.3090601E-9 9.02272E-6 1.1163711E-5 -0.036281966 0.52124023 0.29174805
9.011318E-6 -1.2633803E-9 9.012117E-6 1.1153412E-5 -0.036281966 0.52075195 0.29125977
9.000762E-6 -1.2945256E-9 9.001807E-6 1.11428835E-5 -0.036281966 0.5202637 0.29077148
8.9902205E-6 -1.3038691E-9 8.991202E-6 1.1132355E-5 -0.036281966 0.5197754 0.2902832
8.979693E-6 -1.2841438E-9 8.980303E-6 1.1121826E-5 -0.0368999 0.5192871 0.28979492
8.969179E-6 -1.285182E-9 8.969699E-6 1.1111298E-5 -0.036281966 0.5187988 0.28930664
8.958681E-6 -1.2779148E-9 8.959095E-6 1.1100998E-5 -0.036281966 0.51831055 0.28881836
8.948196E-6 -1.302831E-9 8.94849E-6 1.1090469E-5 -0.035972998 0.51782227 0.28833008
8.937725E-6 -1.2831056E-9 8.93818E-6 1.1079941E-5 -0.036281966 0.517334 0.2878418
8.927268E-6 -1.2955638E-9 8.927282E-6 1.1069413E-5 -0.036281966 0.5168457 0.28735352
8.916825E-6 -1.2966019E-9 8.917266E-6 1.10588835E-5 -0.035972998 0.5163574 0.28686523
8.906396E-6 -1.2986783E-9 8.906367E-6 1.1048355E-5 -0.03566403 0.51586914 0.28637695
8.8959805E-6 -1.2914111E-9 8.896058E-6 1.1037826E-5 -0.03659093 0.51538086 0.28588867
8.885578E-6 -1.2872584E-9 8.885748E-6 1.1027527E-5 -0.036281966 0.5148926 0.2854004
8.875189E-6 -1.2966019E-9 8.875143E-6 1.10169985E-5 -0.036281966 0.5144043 0.2849121
8.864814E-6 -1.3007546E-9 8.865129E-6 1.100647E-5 -0.036281966 0.513916 0.28442383
8.854452E-6 -1.2966019E-9 8.854819E-6 1.0996169E-5 -0.03659093 0.51342773 0.28393555
8.844103E-6 -1.3059456E-9 8.844509E-6 1.0985642E-5 -0.036281966 0.51293945 0.28344727
8.833767E-6 -1.2862201E-9 8.8341985E-6 1.0975342E-5 -0.036281966 0.5124512 0.28295898
8.823445E-6 -1.2976401E-9 8.823889E-6 1.0964814E-5 -0.036281966 0.5119629 0.2824707
8.813135E-6 -1.2872584E-9 8.813874E-6 1.0954284E-5 -0.0368999 0.5114746 0.28198242
8.802837E-6 -1.2924493E-9 8.803269E-6 1.0943756E-5 -0.03659093 0.5109863 0.28149414
8.792553E-6 -1.2924493E-9 8.792665E-6 1.0933227E-5 -0.03659093 0.51049805 0.28100586
8.782282E-6 -1.2893348E-9 8.78265E-6 1.0922928E-5 -0.036281966 0.51000977 0.28051758
8.772023E-6 -1.2976401E-9 8.77234E-6 1.0912399E-5 -0.036281966 0.5095215 0.2800293
8.761776E-6 -1.2893348E-9 8.762325E-6 1.0901871E-5 -0.036281966 0.5090332 0.27954102
8.751542E-6 -1.2934874E-9 8.752309E-6 1.0891342E-5 -0.036281966 0.5085449 0.27905273
8.74132E-6 -1.2914111E-9 8.741999E-6 1.08808135E-5 -0.035972998 0.50805664 0.27856445
8.731111E-6 -1.2789529E-9 8.731396E-6 1.0870284E-5 -0.036281966 0.50756836 0.27807617
8.720914E-6 -1.2810293E-9 8.72138E-6 1.0859757E-5 -0.036281966 0.5070801 0.2775879
8.710728E-6 -1.2924493E-9 8.711365E-6 1.0849457E-5 -0.035972998 0.5065918 0.2770996
8.700556E-6 -1.2737621E-9 8.7013495E-6 1.0838929E-5 -0.03659093 0.5061035 0.27661133
8.690394E-6 -1.2924493E-9 8.6910395E-6 1.0828399E-5 -0.035355065 0.50561523 0.27612305
8.680245E-6 -1.2810293E-9 8.68073E-6 1.0817871E-5 -0.03659093 0.50512695 0.27563477
8.670107E-6 -1.2934874E-9 8.670126E-6 1.0807342E-5 -0.036281966 0.5046387 0.27514648
8.659981E-6 -1.2966019E-9 8.66011E-6 1.0797043E-5 -0.035972998 0.5041504 0.2746582
8.649867E-6 -1.2758384E-9 8.650684E-6 1.0786514E-5 -0.03659093 0.5036621 0.27416992
8.639764E-6 -1.2903729E-9 8.64008E-6 1.0775986E-5 -0.03659093 0.5031738 0.27368164
8.629672E-6 -1.3069837E-9 8.630065E-6 1.0765686E-5 -0.03659093 0.50268555 0.27319336
8.619592E-6 -1.285182E-9 8.619755E-6 1.0755158E-5 -0.036281966 0.50219727 0.27270508
8.609524E-6 -1.2872584E-9 8.6100345E-6 1.07446285E-5 -0.03659093 0.501709 0.2722168
8.599467E-6 -1.2997164E-9 8.599724E-6 1.07341E-5 -0.03659093 0.5012207 0.27172852
8.589421E-6 -1.2903729E-9 8.590004E-6 1.07238E-5 -0.036281966 0.5007324 0.27124023
8.579385E-6 -1.2945256E-9 8.579694E-6 1.0713272E-5 -0.036281966 0.50024414 0.27075195
8.569361E-6 -1.2748003E-9 8.569385E-6 1.0702744E-5 -0.03659093 0.49975586 0.27026367
8.559348E-6 -1.3007546E-9 8.559075E-6 1.0692215E-5 -0.035972998 0.49926758 0.2697754
8.549346E-6 -1.2893348E-9 8.5487645E-6 1.0681686E-5 -0.03659093 0.4987793 0.2692871
8.539354E-6 -1.3038691E-9 8.5393385E-6 1.0671387E-5 -0.0368999 0.49829102 0.26879883
8.529373E-6 -1.2841438E-9 8.529618E-6 1.0660858E-5 -0.036281966 0.49780273 0.26831055
8.519403E-6 -1.3017928E-9 8.519308E-6 1.0650329E-5 -0.0368999 0.49731445 0.26782227
8.509444E-6 -1.2976401E-9 8.509587E-6 1.0639801E-5 -0.036281966 0.49682617 0.26733398
8.4994945E-6 -1.285182E-9 8.499278E-6 1.0629273E-5 -0.0368999 0.4963379 0.2668457
8.489556E-6 -1.2903729E-9 8.489557E-6 1.0618744E-5 -0.036281966 0.4958496 0.26635742
8.479628E-6 -1.2779148E-9 8.479542E-6 1.0608215E-5 -0.03659093 0.49536133 0.26586914
8.46971E-6 -1.2997164E-9 8.469527E-6 1.0597915E-5 -0.03659093 0.49487305 0.26538086
8.459802E-6 -1.3049074E-9 8.459511E-6 1.0587387E-5 -0.03659093 0.49438477 0.26489258
8.449905E-6 -1.267533E-9 8.449496E-6 1.0576859E-5 -0.03659093 0.49389648 0.2644043
8.440018E-6 -1.302831E-9 8.439481E-6 1.056633E-5 -0.03659093 0.4934082 0.26391602
8.43014E-6 -1.2976401E-9 8.429465E-6 1.0555802E-5 -0.03659093 0.49291992 0.26342773
8.420273E-6 -1.285182E-9 8.41945E-6 1.0545502E-5 -0.0368999 0.49243164 0.26293945
8.410416E-6 -1.2976401E-9 8.409435E-6 1.0535202E-5 -0.0368999 0.49194336 0.26245117
8.400568E-6 -1.302831E-9 8.399715E-6 1.0524674E-5 -0.03659093 0.49145508 0.2619629
8.39073E-6 -1.3152891E-9 8.389699E-6 1.0514144E-5 -0.03659093 0.4909668 0.2614746
8.380902E-6 -1.2976401E-9 8.379389E-6 1.0503616E-5 -0.0368999 0.49047852 0.26098633
8.371084E-6 -1.302831E-9 8.369669E-6 1.0493316E-5 -0.037208866 0.48999023 0.26049805
8.361275E-6 -1.2955638E-9 8.359948E-6 1.0482789E-5 -0.0368999 0.48950195 0.26000977
8.351475E-6 -1.2966019E-9 8.350227E-6 1.0472259E-5 -0.03659093 0.48901367 0.25952148
8.341685E-6 -1.2924493E-9 8.339917E-6 1.0461731E-5 -0.0368999 0.4885254 0.2590332
8.331905E-6 -1.3017928E-9 8.329902E-6 1.0451202E-5 -0.03659093 0.4880371 0.25854492
8.322134E-6 -1.302831E-9 8.3198875E-6 1.0440674E-5 -0.03659093 0.48754883 0.25805664
8.312372E-6 -1.2997164E-9 8.309577E-6 1.0430145E-5 -0.03659093 0.48706055 0.25756836
8.30262E-6 -1.2779148E-9 8.300446E-6 1.0419845E-5 -0.03659093 0.48657227 0.25708008
8.292876E-6 -1.2976401E-9 8.290725E-6 1.0409317E-5 -0.03659093 0.48608398 0.2565918
8.283142E-6 -1.2862201E-9 8.28071E-6 1.0398789E-5 -0.03659093 0.4855957 0.25610352
8.273416E-6 -1.3163273E-9 8.270695E-6 1.038826E-5 -0.0368999 0.48510742 0.25561523
8.2637E-6 -1.3152891E-9 8.260679E-6 1.0377731E-5 -0.037208866 0.48461914 0.25512695
8.253993E-6 -1.3142509E-9 8.251253E-6 1.0367431E-5 -0.0368999 0.48413086 0.25463867
8.244294E-6 -1.2966019E-9 8.241533E-6 1.0356903E-5 -0.0368999 0.48364258 0.2541504
8.234604E-6 -1.3038691E-9 8.231517E-6 1.0346375E-5 -0.037208866 0.4831543 0.2536621
8.2249235E-6 -1.3059456E-9 8.221797E-6 1.0335846E-5 -0.03659093 0.48266602 0.25317383
8.215251E-6 -1.3017928E-9 8.212665E-6 1.0325318E-5 -0.03659093 0.48217773 0.25268555
8.205588E-6 -1.3069837E-9 8.202061E-6 1.0315018E-5 -0.0368999 0.48168945 0.25219727
8.195932E-6 -1.3049074E-9 8.192929E-6 1.03044895E-5 -0.0368999 0.48120117 0.25170898
8.186286E-6 -1.2955638E-9 8.183209E-6 1.0294189E-5 -0.037208866 0.4807129 0.2512207
8.176648E-6 -1.3111364E-9 8.173488E-6 1.028366E-5 -0.03659093 0.4802246 0.25073242
8.167019E-6 -1.3007546E-9 8.163178E-6 1.0273132E-5 -0.0368999 0.47973633 0.25024414
8.157397E-6 -1.2914111E-9 8.154047E-6 1.0262604E-5 -0.03659093 0.47924805 0.24975586
8.147785E-6 -1.3038691E-9 8.144621E-6 1.0252075E-5 -0.03659093 0.47875977 0.24926758
8.13818E-6 -1.2882966E-9 8.134605E-6 1.0241775E-5 -0.0368999 0.47827148 0.2487793
8.128583E-6 -1.302831E-9 8.124295E-6 1.0231247E-5 -0.03659093 0.4777832 0.24829102
8.1189955E-6 -1.2997164E-9 8.115164E-6 1.0220718E-5 -0.03659093 0.47729492 0.24780273
8.109416E-6 -1.2820675E-9 8.105443E-6 1.0210189E-5 -0.0368999 0.47680664 0.24731445
8.099843E-6 -1.2862201E-9 8.095428E-6 1.0199662E-5 -0.0368999 0.47631836 0.24682617
8.09028E-6 -1.3059456E-9 8.086002E-6 1.0189133E-5 -0.03659093 0.47583008 0.24633789
8.080724E-6 -1.3246327E-9 8.076576E-6 1.01786045E-5 -0.0368999 0.4753418 0.24584961
8.071176E-6 -1.302831E-9 8.0674445E-6 1.01683045E-5 -0.037208866 0.47485352 0.24536133
8.0616355E-6 -1.3111364E-9 8.057429E-6 1.0157776E-5 -0.0368999 0.47436523 0.24487305
8.052103E-6 -1.3100983E-9 8.048003E-6 1.0147247E-5 -0.0368999 0.47387695 0.24438477
8.042579E-6 -1.3132128E-9 8.038282E-6 1.0136719E-5 -0.03751783 0.47338867 0.24389648
8.033062E-6 -1.2976401E-9 8.029445E-6 1.012619E-5 -0.0368999 0.4729004 0.2434082
8.023553E-6 -1.2945256E-9 8.020019E-6 1.0115891E-5 -0.03659093 0.4724121 0.24291992
8.014052E-6 -1.3090601E-9 8.0100035E-6 1.0105362E-5 -0.0368999 0.47192383 0.24243164
8.0045575E-6 -1.3007546E-9 8.0005775E-6 1.0094834E-5 -0.036281966 0.47143555 0.24194336
7.995071E-6 -1.3007546E-9 7.9911515E-6 1.0084534E-5 -0.036281966 0.47094727 0.24145508
7.985593E-6 -1.3038691E-9 7.9817255E-6 1.0074005E-5 -0.036281966 0.47045898 0.2409668
7.976121E-6 -1.2976401E-9 7.9722995E-6 1.0063705E-5 -0.036281966 0.4699707 0.24047852
7.966657E-6 -1.2997164E-9 7.963168E-6 1.0053176E-5 -0.036281966 0.46948242 0.23999023
7.957201E-6 -1.2924493E-9 7.954037E-6 1.0042648E-5 -0.036281966 0.46899414 0.23950195
7.947751E-6 -1.3017928E-9 7.945199E-6 1.003212E-5 -0.0368999 0.46850586 0.23901367
7.93831E-6 -1.3152891E-9 7.935479E-6 1.0021591E-5 -0.0368999 0.46801758 0.23852539
7.928875E-6 -1.2820675E-9 7.926053E-6 1.0011063E-5 -0.03659093 0.4675293 0.23803711
7.919447E-6 -1.3225563E-9 7.916627E-6 1.00005345E-5 -0.036281966 0.46704102 0.23754883
7.910027E-6 -1.2955638E-9 7.907201E-6 9.9902345E-6 -0.03659093 0.46655273 0.23706055
7.900614E-6 -1.2799911E-9 7.897775E-6 9.979706E-6 -0.03659093 0.46606445 0.23657227
7.891208E-6 -1.2862201E-9 7.888937E-6 9.969178E-6 -0.036281966 0.46557617 0.23608398
7.881808E-6 -1.2966019E-9 7.879216E-6 9.958649E-6 -0.036281966 0.4650879 0.2355957
7.872417E-6 -1.3049074E-9 7.87038E-6 9.94812E-6 -0.03659093 0.4645996 0.23510742
7.863032E-6 -1.302831E-9 7.861248E-6 9.93782E-6 -0.0368999 0.46411133 0.23461914
7.853653E-6 -1.302831E-9 7.852117E-6 9.927292E-6 -0.03659093 0.46362305 0.23413086
7.844283E-6 -1.285182E-9 7.842985E-6 9.916763E-6 -0.03659093 0.46313477 0.23364258
7.834918E-6 -1.2810293E-9 7.833264E-6 9.906235E-6 -0.036281966 0.46264648 0.2331543
7.825561E-6 -1.3007546E-9 7.824133E-6 9.895706E-6 -0.03659093 0.4621582 0.23266602
7.816209E-6 -1.2986783E-9 7.815296E-6 9.885178E-6 -0.03659093 0.46166992 0.23217773
7.806866E-6 -1.3017928E-9 7.80587E-6 9.874649E-6 -0.0368999 0.46118164 0.23168945
7.797528E-6 -1.2997164E-9 7.797033E-6 9.8643495E-6 -0.0368999 0.46069336 0.23120117
7.788198E-6 -1.3017928E-9 7.788196E-6 9.8540495E-6 -0.03659093 0.46020508 0.23071289
7.778874E-6 -1.3038691E-9 7.779065E-6 9.843522E-6 -0.03659093 0.4597168 0.23022461
7.769556E-6 -1.3038691E-9 7.769639E-6 9.832992E-6 -0.03659093 0.45922852 0.22973633
7.760245E-6 -1.2914111E-9 7.760506E-6 9.822464E-6 -0.0368999 0.45874023 0.22924805
7.750941E-6 -1.2841438E-9 7.751375E-6 9.8121645E-6 -0.03659093 0.45825195 0.22875977
7.7416435E-6 -1.2882966E-9 7.742244E-6 9.801636E-6 -0.0368999 0.45776367 0.22827148
7.732352E-6 -1.3184036E-9 7.732818E-6 9.791107E-6 -0.0368999 0.4572754 0.2277832
7.723067E-6 -1.3100983E-9 7.723981E-6 9.780579E-6 -0.03659093 0.4567871 0.22729492
7.713788E-6 -1.3049074E-9 7.714554E-6 9.77005E-6 -0.03659093 0.45629883 0.22680664
7.704516E-6 -1.2945256E-9 7.705423E-6 9.759522E-6 -0.03659093 0.45581055 0.22631836
7.69525E-6 -1.3069837E-9 7.6962915E-6 9.748993E-6 -0.03659093 0.45532227 0.22583008
7.685991E-6 -1.3017928E-9 7.687455E-6 9.738694E-6 -0.0368999 0.45483398 0.2253418
7.676737E-6 -1.3163273E-9 7.678028E-6 9.7281645E-6 -0.03659093 0.4543457 0.22485352
7.6674905E-6 -1.3038691E-9 7.668897E-6 9.717636E-6 -0.03659093 0.45385742 0.22436523
7.658249E-6 -1.2934874E-9 7.659471E-6 9.707107E-6 -0.0368999 0.45336914 0.22387695
7.649015E-6 -1.3163273E-9 7.650634E-6 9.696579E-6 -0.03659093 0.45288086 0.22338867
7.639786E-6 -1.3100983E-9 7.641796E-6 9.68628E-6 -0.0368999 0.45239258 0.22290039
7.630564E-6 -1.302831E-9 7.632665E-6 9.675751E-6 -0.0368999 0.4519043 0.22241211
7.621348E-6 -1.2934874E-9 7.6235337E-6 9.665222E-6 -0.03659093 0.45141602 0.22192383
7.6121373E-6 -1.3080219E-9 7.6141077E-6 9.654694E-6 -0.03659093 0.45092773 0.22143555
7.6029332E-6 -1.2997164E-9 7.604976E-6 9.644165E-6 -0.03659093 0.45043945 0.22094727
7.593735E-6 -1.3090601E-9 7.5958446E-6 9.633865E-6 -0.03659093 0.44995117 0.22045898
7.5845433E-6 -1.3142509E-9 7.5864186E-6 9.623566E-6 -0.0368999 0.4494629 0.2199707
7.575357E-6 -1.3038691E-9 7.5775815E-6 9.613038E-6 -0.03659093 0.4489746 0.21948242
7.5661765E-6 -1.2986783E-9 7.569039E-6 9.602508E-6 -0.03659093 0.44848633 0.21899414
7.5570024E-6 -1.3163273E-9 7.5593184E-6 9.59198E-6 -0.03659093 0.44799805 0.21850586
7.547834E-6 -1.3184036E-9 7.550187E-6 9.581451E-6 -0.03659093 0.44750977 0.21801758
7.538671E-6 -1.2945256E-9 7.5407606E-6 9.570923E-6 -0.036281966 0.44702148 0.2175293
7.5295143E-6 -1.3049074E-9 7.531924E-6 9.560623E-6 -0.036281966 0.4465332 0.21704102
7.5203634E-6 -1.3142509E-9 7.523087E-6 9.550095E-6 -0.03659093 0.44604492 0.21655273
7.511218E-6 -1.32048E-9 7.513955E-6 9.539566E-6 -0.03659093 0.44555664 0.21606445
7.5020785E-6 -1.3017928E-9 7.5048238E-6 9.529038E-6 -0.036281966 0.44506836 0.21557617
7.492945E-6 -1.3152891E-9 7.4956924E-6 9.518509E-6 -0.03659093 0.44458008 0.21508789
7.4838167E-6 -1.3121746E-9 7.4868553E-6 9.50821E-6 -0.03659093 0.4440918 0.21459961
7.4746945E-6 -1.3256709E-9 7.4774293E-6 9.497681E-6 -0.03659093 0.44360352 0.21411133
7.4655777E-6 -1.3132128E-9 7.4682976E-6 9.487153E-6 -0.036281966 0.44311523 0.21362305
7.456467E-6 -1.302831E-9 7.459166E-6 9.476623E-6 -0.0368999 0.44262695 0.21313477
7.4473614E-6 -1.3069837E-9 7.4497398E-6 9.4660945E-6 -0.03659093 0.44213867 0.21264648
7.4382615E-6 -1.3080219E-9 7.440903E-6 9.455566E-6 -0.03659093 0.4416504 0.2121582
7.4291675E-6 -1.2924493E-9 7.4323607E-6 9.445038E-6 -0.035972998 0.4411621 0.21166992
7.420079E-6 -1.3287854E-9 7.423229E-6 9.434738E-6 -0.036281966 0.44067383 0.21118164
7.4109957E-6 -1.3132128E-9 7.413803E-6 9.42421E-6 -0.035972998 0.44018555 0.21069336
7.401918E-6 -1.2914111E-9 7.4046716E-6 9.413681E-6 -0.035972998 0.43969727 0.21020508
7.392846E-6 -1.2986783E-9 7.395245E-6 9.403381E-6 -0.035972998 0.43920898 0.2097168
7.383779E-6 -1.3080219E-9 7.3864085E-6 9.392853E-6 -0.035972998 0.4387207 0.20922852
7.374718E-6 -1.3184036E-9 7.377866E-6 9.382554E-6 -0.036281966 0.43823242 0.20874023
7.3656624E-6 -1.32048E-9 7.36844E-6 9.372025E-6 -0.035972998 0.43774414 0.20825195
7.356612E-6 -1.3132128E-9 7.3598976E-6 9.361496E-6 -0.03659093 0.43725586 0.20776367
7.347567E-6 -1.3007546E-9 7.350177E-6 9.350967E-6 -0.036281966 0.43676758 0.20727539
7.3385277E-6 -1.3173654E-9 7.34134E-6 9.340439E-6 -0.036281966 0.4362793 0.20678711
7.3294937E-6 -1.3090601E-9 7.332208E-6 9.32991E-6 -0.035972998 0.43579102 0.20629883
7.3204646E-6 -1.3277472E-9 7.3230767E-6 9.319382E-6 -0.036281966 0.43530273 0.20581055
7.311441E-6 -1.3059456E-9 7.3142396E-6 9.309082E-6 -0.03659093 0.43481445 0.20532227
7.302423E-6 -1.3132128E-9 7.3051083E-6 9.298554E-6 -0.035972998 0.43432617 0.20483398
7.2934104E-6 -1.3059456E-9 7.296271E-6 9.288025E-6 -0.03659093 0.4338379 0.2043457
7.2844027E-6 -1.3080219E-9 7.2865505E-6 9.277496E-6 -0.0368999 0.4333496 0.20385742
7.2754005E-6 -1.3267091E-9 7.278008E-6 9.266968E-6 -0.036281966 0.43286133 0.20336914
7.266404E-6 -1.2955638E-9 7.2694656E-6 9.256669E-6 -0.036281966 0.43237305 0.20288086
7.257412E-6 -1.3215181E-9 7.2600396E-6 9.24614E-6 -0.036281966 0.43188477 0.20239258
7.2484254E-6 -1.3184036E-9 7.2512025E-6 9.235611E-6 -0.035972998 0.43139648 0.2019043
7.239444E-6 -1.2934874E-9 7.2417765E-6 9.225082E-6 -0.036281966 0.4309082 0.20141602
7.230468E-6 -1.3381289E-9 7.2323505E-6 9.214554E-6 -0.036281966 0.43041992 0.20092773
7.221497E-6 -1.2986783E-9 7.223808E-6 9.204254E-6 -0.03659093 0.42993164 0.20043945
7.2125317E-6 -1.2934874E-9 7.2146763E-6 9.193725E-6 -0.03659093 0.42944336 0.19995117
7.203571E-6 -1.3184036E-9 7.205545E-6 9.183197E-6 -0.035972998 0.42895508 0.19946289
7.1946156E-6 -1.3152891E-9 7.196708E-6 9.172898E-6 -0.03659093 0.4284668 0.19897461
7.1856653E-6 -1.3235946E-9 7.1878712E-6 9.162369E-6 -0.035972998 0.42797852 0.19848633
7.1767204E-6 -1.3163273E-9 7.178445E-6 9.1518405E-6 -0.0368999 0.42749023 0.19799805
7.1677805E-6 -1.3059456E-9 7.1699023E-6 9.141311E-6 -0.03659093 0.42700195 0.19750977
7.1588456E-6 -1.2934874E-9 7.1610657E-6 9.131012E-6 -0.0368999 0.42651367 0.19702148
7.1499157E-6 -1.3059456E-9 7.1522286E-6 9.120483E-6 -0.03659093 0.4260254 0.1965332
7.1409913E-6 -1.3464344E-9 7.1428026E-6 9.109955E-6 -0.036281966 0.4255371 0.19604492
7.1320715E-6 -1.3267091E-9 7.1339655E-6 9.099426E-6 -0.0368999 0.42504883 0.19555664
7.123157E-6 -1.3246327E-9 7.1251284E-6 9.088898E-6 -0.03659093 0.42456055 0.19506836
7.1142476E-6 -1.3246327E-9 7.116586E-6 9.078598E-6 -0.036281966 0.42407227 0.19458008
7.1053432E-6 -1.3132128E-9 7.1077493E-6 9.06807E-6 -0.036281966 0.42358398 0.1940918
7.096444E-6 -1.3350144E-9 7.098912E-6 9.05754E-6 -0.035972998 0.4230957 0.19360352
7.0875494E-6 -1.3235946E-9 7.089781E-6 9.047013E-6 -0.036281966 0.42260742 0.19311523
7.07866E-6 -1.3308618E-9 7.080649E-6 9.036484E-6 -0.035972998 0.42211914 0.19262695
7.069776E-6 -1.3017928E-9 7.071812E-6 9.0259555E-6 -0.035972998 0.42163086 0.19213867
7.0608967E-6 -1.3184036E-9 7.0629753E-6 9.015426E-6 -0.035972998 0.42114258 0.19165039
7.0520223E-6 -1.3132128E-9 7.0538435E-6 9.005127E-6 -0.036281966 0.4206543 0.19116211
7.043153E-6 -1.3100983E-9 7.044712E-6 8.994598E-6 -0.03659093 0.42016602 0.19067383
7.034289E-6 -1.3100983E-9 7.035875E-6 8.98407E-6 -0.036281966 0.41967773 0.19018555
7.0254296E-6 -1.3184036E-9 7.026744E-6 8.973541E-6 -0.0368999 0.41918945 0.18969727
7.016575E-6 -1.3069837E-9 7.0182014E-6 8.963013E-6 -0.03659093 0.41870117 0.18920898
7.007726E-6 -1.3152891E-9 7.009659E-6 8.952713E-6 -0.036281966 0.4182129 0.1887207
6.9988814E-6 -1.3246327E-9 7.0011165E-6 8.942414E-6 -0.03659093 0.4177246 0.18823242
6.990042E-6 -1.3173654E-9 6.991396E-6 8.931885E-6 -0.03659093 0.41723633 0.18774414
6.9812077E-6 -1.3132128E-9 6.9825587E-6 8.921356E-6 -0.036281966 0.41674805 0.18725586
6.972378E-6 -1.3111364E-9 6.9734274E-6 8.910828E-6 -0.035972998 0.41625977 0.18676758
6.9635535E-6 -1.3215181E-9 6.964885E-6 8.9003E-6 -0.036281966 0.41577148 0.1862793
6.9547336E-6 -1.3256709E-9 6.955753E-6 8.8897705E-6 -0.035972998 0.4152832 0.18579102
6.9459193E-6 -1.3038691E-9 6.9469165E-6 8.87947E-6 -0.036281966 0.41479492 0.18530273
6.9371094E-6 -1.3184036E-9 6.9386683E-6 8.868942E-6 -0.035972998 0.41430664 0.18481445
6.928304E-6 -1.3152891E-9 6.9292423E-6 8.858414E-6 -0.036281966 0.41381836 0.18432617
6.9195044E-6 -1.3235946E-9 6.9207E-6 8.847885E-6 -0.036281966 0.41333008 0.18383789
6.9107095E-6 -1.32048E-9 6.911274E-6 8.837356E-6 -0.03659093 0.4128418 0.18334961
6.9019193E-6 -1.32048E-9 6.9027315E-6 8.827057E-6 -0.036281966 0.41235352 0.18286133
6.8931345E-6 -1.3267091E-9 6.8938944E-6 8.816529E-6 -0.03659093 0.41186523 0.18237305
6.884354E-6 -1.3142509E-9 6.885352E-6 8.806E-6 -0.036281966 0.41137695 0.18188477
6.875579E-6 -1.3069837E-9 6.8768095E-6 8.795471E-6 -0.036281966 0.41088867 0.18139648
6.8668082E-6 -1.3329381E-9 6.867678E-6 8.784942E-6 -0.03659093 0.4104004 0.1809082
6.858043E-6 -1.3308618E-9 6.858841E-6 8.774643E-6 -0.036281966 0.4099121 0.18041992
6.8492823E-6 -1.3100983E-9 6.8500044E-6 8.764114E-6 -0.035972998 0.40942383 0.17993164
6.8405266E-6 -1.3215181E-9 6.8408726E-6 8.7535855E-6 -0.036281966 0.40893555 0.17944336
6.831776E-6 -1.3132128E-9 6.83233E-6 8.743057E-6 -0.03659093 0.40844727 0.17895508
6.82303E-6 -1.3339763E-9 6.823493E-6 8.732529E-6 -0.036281966 0.40795898 0.1784668
6.814289E-6 -1.3443581E-9 6.8152453E-6 8.722229E-6 -0.03659093 0.4074707 0.17797852
6.805553E-6 -1.3215181E-9 6.806114E-6 8.7117005E-6 -0.0368999 0.40698242 0.17749023
6.796822E-6 -1.3464344E-9 6.7975716E-6 8.7014005E-6 -0.0368999 0.40649414 0.17700195
6.788096E-6 -1.3235946E-9 6.7887345E-6 8.690872E-6 -0.03659093 0.40600586 0.17651367
6.7793744E-6 -1.3308618E-9 6.7793085E-6 8.680344E-6 -0.036281966 0.40551758 0.17602539
6.7706583E-6 -1.3329381E-9 6.7704714E-6 8.6698155E-6 -0.035972998 0.4050293 0.17553711
6.7619467E-6 -1.3100983E-9 6.761929E-6 8.659286E-6 -0.036281966 0.40454102 0.17504883
6.75324E-6 -1.3184036E-9 6.7533865E-6 8.648987E-6 -0.035972998 0.40405273 0.17456055
6.7445385E-6 -1.3121746E-9 6.74455E-6 8.638458E-6 -0.035972998 0.40356445 0.17407227
6.735842E-6 -1.3121746E-9 6.7360074E-6 8.62793E-6 -0.036281966 0.40307617 0.17358398
6.7271503E-6 -1.3163273E-9 6.727465E-6 8.6174E-6 -0.036281966 0.4025879 0.1730957
6.7184633E-6 -1.302831E-9 6.7189226E-6 8.606873E-6 -0.036281966 0.4020996 0.17260742
6.7097812E-6 -1.3059456E-9 6.709791E-6 8.596344E-6 -0.036281966 0.40161133 0.17211914
6.701104E-6 -1.3225563E-9 6.7012484E-6 8.5858155E-6 -0.036281966 0.40112305 0.17163086
6.6924326E-6 -1.3308618E-9 6.692706E-6 8.5755155E-6 -0.035972998 0.40063477 0.17114258
6.683765E-6 -1.3370908E-9 6.6838693E-6 8.564987E-6 -0.035972998 0.40014648 0.1706543
6.675103E-6 -1.3256709E-9 6.675032E-6 8.554458E-6 -0.036281966 0.3996582 0.17016602
6.666446E-6 -1.3100983E-9 6.6667844E-6 8.543931E-6 -0.036281966 0.39916992 0.16967773
6.6577936E-6 -1.3100983E-9 6.6579473E-6 8.533401E-6 -0.03659093 0.39868164 0.16918945
6.6491466E-6 -1.3246327E-9 6.64911E-6 8.523101E-6 -0.036281966 0.39819336 0.16870117
6.640504E-6 -1.3111364E-9 6.6402736E-6 8.512573E-6 -0.035972998 0.39770508 0.16821289
6.6318667E-6 -1.3318999E-9 6.631731E-6 8.502045E-6 -0.036281966 0.3972168 0.16772461
6.6232346E-6 -1.3142509E-9 6.6231887E-6 8.491745E-6 -0.036281966 0.39672852 0.16723633
6.614607E-6 -1.3225563E-9 6.614057E-6 8.481216E-6 -0.035972998 0.39624023 0.16674805
6.6059847E-6 -1.3184036E-9 6.6055145E-6 8.470688E-6 -0.035972998 0.39575195 0.16625977
6.5973672E-6 -1.32048E-9 6.596678E-6 8.46016E-6 -0.035972998 0.39526367 0.16577148
6.588755E-6 -1.3017928E-9 6.5881354E-6 8.44986E-6 -0.035972998 0.3947754 0.1652832
6.5801473E-6 -1.3267091E-9 6.579593E-6 8.439331E-6 -0.03566403 0.3942871 0.16479492
6.5715453E-6 -1.3132128E-9 6.570756E-6 8.428802E-6 -0.035972998 0.39379883 0.16430664
6.562948E-6 -1.3142509E-9 6.5622135E-6 8.418274E-6 -0.03566403 0.39331055 0.16381836
6.5543554E-6 -1.2997164E-9 6.5533764E-6 8.407745E-6 -0.03566403 0.39282227 0.16333008
6.545768E-6 -1.3121746E-9 6.544834E-6 8.3974455E-6 -0.03566403 0.39233398 0.1628418
6.537186E-6 -1.3132128E-9 6.536586E-6 8.386917E-6 -0.03566403 0.3918457 0.16235352
6.5286085E-6 -1.3111364E-9 6.5277495E-6 8.376389E-6 -0.035972998 0.39135742 0.16186523
6.5200365E-6 -1.3059456E-9 6.519207E-6 8.36586E-6 -0.035972998 0.39086914 0.16137695
6.511469E-6 -1.3163273E-9 6.51037E-6 8.355331E-6 -0.035355065 0.39038086 0.16088867
6.502907E-6 -1.3173654E-9 6.5018276E-6 8.345031E-6 -0.03566403 0.38989258 0.16040039
6.4943506E-6 -1.3163273E-9 6.493285E-6 8.334503E-6 -0.035972998 0.3894043 0.15991211
6.4857986E-6 -1.3215181E-9 6.4847427E-6 8.323975E-6 -0.03566403 0.38891602 0.15942383
6.4772516E-6 -1.3007546E-9 6.4762003E-6 8.313446E-6 -0.036281966 0.38842773 0.15893555
6.46871E-6 -1.3329381E-9 6.467658E-6 8.302917E-6 -0.035972998 0.38793945 0.15844727
6.4601736E-6 -1.3142509E-9 6.45941E-6 8.292389E-6 -0.035972998 0.38745117 0.15795898
6.451642E-6 -1.302831E-9 6.450573E-6 8.281861E-6 -0.035972998 0.3869629 0.1574707
6.4431156E-6 -1.3256709E-9 6.4420306E-6 8.271561E-6 -0.03566403 0.3864746 0.15698242
6.4345945E-6 -1.3246327E-9 6.433488E-6 8.2612605E-6 -0.036281966 0.38598633 0.15649414
6.426079E-6 -1.3194418E-9 6.425535E-6 8.250732E-6 -0.036281966 0.38549805 0.15600586
6.417568E-6 -1.3246327E-9 6.4169926E-6 8.240204E-6 -0.035972998 0.38500977 0.15551758
6.4090623E-6 -1.3184036E-9 6.4078613E-6 8.229676E-6 -0.035972998 0.38452148 0.1550293
6.4005617E-6 -1.3152891E-9 6.3999078E-6 8.219376E-6 -0.03566403 0.3840332 0.15454102
6.3920666E-6 -1.3256709E-9 6.3910707E-6 8.208847E-6 -0.035972998 0.38354492 0.15405273
6.3835764E-6 -1.3049074E-9 6.382528E-6 8.198318E-6 -0.035972998 0.38305664 0.15356445
6.3750917E-6 -1.3391671E-9 6.3736916E-6 8.187791E-6 -0.035355065 0.38256836 0.15307617
6.366612E-6 -1.3329381E-9 6.365444E-6 8.1772605E-6 -0.035355065 0.38208008 0.15258789
6.358138E-6 -1.3152891E-9 6.356312E-6 8.166732E-6 -0.035355065 0.3815918 0.15209961
6.3496686E-6 -1.3370908E-9 6.3480643E-6 8.156204E-6 -0.03566403 0.38110352 0.15161133
6.341205E-6 -1.3194418E-9 6.3404054E-6 8.145905E-6 -0.035355065 0.38061523 0.15112305
6.332746E-6 -1.3215181E-9 6.331569E-6 8.1353755E-6 -0.035046097 0.38012695 0.15063477
6.324293E-6 -1.3090601E-9 6.3227317E-6 8.124847E-6 -0.03566403 0.37963867 0.15014648
6.315845E-6 -1.3277472E-9 6.314484E-6 8.114319E-6 -0.035355065 0.3791504 0.1496582
6.3074026E-6 -1.3100983E-9 6.305647E-6 8.103791E-6 -0.035355065 0.3786621 0.14916992
6.298965E-6 -1.3308618E-9 6.297399E-6 8.093491E-6 -0.035355065 0.37817383 0.14868164
6.2905333E-6 -1.3059456E-9 6.2894455E-6 8.082962E-6 -0.035972998 0.37768555 0.14819336
6.282107E-6 -1.3277472E-9 6.280609E-6 8.072433E-6 -0.035355065 0.37719727 0.14770508
6.2736854E-6 -1.3381289E-9 6.2723607E-6 8.061905E-6 -0.035355065 0.37670898 0.1472168
6.2652693E-6 -1.3246327E-9 6.264113E-6 8.051376E-6 -0.035046097 0.3762207 0.14672852
6.2568593E-6 -1.3443581E-9 6.2549816E-6 8.041076E-6 -0.035046097 0.37573242 0.14624023
6.248454E-6 -1.3235946E-9 6.247028E-6 8.030548E-6 -0.035046097 0.37524414 0.14575195
6.2400545E-6 -1.3246327E-9 6.2384856E-6 8.020248E-6 -0.035355065 0.37475586 0.14526367
6.2316603E-6 -1.3235946E-9 6.230238E-6 8.00972E-6 -0.03566403 0.37426758 0.14477539
6.2232716E-6 -1.3329381E-9 6.22199E-6 7.999191E-6 -0.035046097 0.3737793 0.14428711
6.2148883E-6 -1.3246327E-9 6.2134477E-6 7.988662E-6 -0.035046097 0.37329102 0.14379883
6.2065105E-6 -1.3391671E-9 6.2049053E-6 7.978134E-6 -0.035046097 0.37280273 0.14331055
6.198138E-6 -1.3443581E-9 6.1972464E-6 7.967835E-6 -0.035046097 0.37231445 0.14282227
6.1897713E-6 -1.3318999E-9 6.188704E-6 7.9573065E-6 -0.035972998 0.37182617 0.14233398
6.1814103E-6 -1.3152891E-9 6.180751E-6 7.946776E-6 -0.035355065 0.3713379 0.1418457
6.1730543E-6 -1.3350144E-9 6.171914E-6 7.936249E-6 -0.035355065 0.3708496 0.14135742
6.1647042E-6 -1.3256709E-9 6.163666E-6 7.925721E-6 -0.035355065 0.37036133 0.14086914
6.1563596E-6 -1.3287854E-9 6.1551236E-6 7.915421E-6 -0.035046097 0.36987305 0.14038086
6.148021E-6 -1.3329381E-9 6.146581E-6 7.904891E-6 -0.035046097 0.36938477 0.13989258
6.1396872E-6 -1.3360526E-9 6.138628E-6 7.894363E-6 -0.035046097 0.36889648 0.1394043
6.1313594E-6 -1.3360526E-9 6.129791E-6 7.883835E-6 -0.035046097 0.3684082 0.13891602
6.1230376E-6 -1.3267091E-9 6.121838E-6 7.8733065E-6 -0.035046097 0.36791992 0.13842773
6.114721E-6 -1.3360526E-9 6.112706E-6 7.862778E-6 -0.035046097 0.36743164 0.13793945
6.10641E-6 -1.3194418E-9 6.104753E-6 7.852249E-6 -0.035355065 0.36694336 0.13745117
6.098105E-6 -1.3412434E-9 6.0962107E-6 7.841949E-6 -0.035355065 0.36645508 0.13696289
6.0898055E-6 -1.3370908E-9 6.088257E-6 7.831421E-6 -0.035046097 0.3659668 0.13647461
6.081512E-6 -1.3267091E-9 6.080304E-6 7.820893E-6 -0.035046097 0.36547852 0.13598633
6.073224E-6 -1.3402053E-9 6.0720563E-6 7.810592E-6 -0.035046097 0.36499023 0.13549805
6.0649418E-6 -1.3391671E-9 6.0638085E-6 7.800064E-6 -0.035046097 0.36450195 0.13500977
6.0566654E-6 -1.3422817E-9 6.0555603E-6 7.789764E-6 -0.035046097 0.36401367 0.13452148
6.0483944E-6 -1.3329381E-9 6.0467237E-6 7.779236E-6 -0.035046097 0.3635254 0.1340332
6.04013E-6 -1.3215181E-9 6.0384755E-6 7.768707E-6 -0.035355065 0.3630371 0.13354492
6.0318707E-6 -1.3215181E-9 6.0305224E-6 7.758178E-6 -0.035046097 0.36254883 0.13305664
6.0236175E-6 -1.3277472E-9 6.0222746E-6 7.747651E-6 -0.035355065 0.36206055 0.13256836
6.01537E-6 -1.3215181E-9 6.013732E-6 7.737122E-6 -0.03473713 0.36157227 0.13208008
6.0071284E-6 -1.3277472E-9 6.00519E-6 7.726593E-6 -0.035046097 0.36108398 0.1315918
5.998893E-6 -1.3298236E-9 5.997531E-6 7.716293E-6 -0.035046097 0.3605957 0.13110352
5.9906633E-6 -1.3329381E-9 5.9889885E-6 7.705765E-6 -0.035355065 0.36010742 0.13061523
5.9824392E-6 -1.3495489E-9 5.9807408E-6 7.6952365E-6 -0.035046097 0.35961914 0.13012695
5.9742215E-6 -1.3339763E-9 5.9727877E-6 7.684707E-6 -0.035355065 0.35913086 0.12963867
5.9660097E-6 -1.3422817E-9 5.964834E-6 7.674179E-6 -0.035355065 0.35864258 0.12915039
5.9578038E-6 -1.3267091E-9 5.9565864E-6 7.663879E-6 -0.035355065 0.3581543 0.12866211
5.949604E-6 -1.3391671E-9 5.9477493E-6 7.6533515E-6 -0.03566403 0.35766602 0.12817383
5.94141E-6 -1.3339763E-9 5.940091E-6 7.642822E-6 -0.035355065 0.35717773 0.12768555
5.9332224E-6 -1.3215181E-9 5.9321374E-6 7.632294E-6 -0.035972998 0.35668945 0.12719727
5.9250406E-6 -1.3298236E-9 5.923595E-6 7.6217652E-6 -0.035355065 0.35620117 0.12670898
5.916865E-6 -1.3350144E-9 5.915642E-6 7.611237E-6 -0.035355065 0.3557129 0.1262207
5.9086956E-6 -1.3277472E-9 5.9076883E-6 7.6007077E-6 -0.03473713 0.3552246 0.12573242
5.900532E-6 -1.3391671E-9 5.8994406E-6 7.590409E-6 -0.035046097 0.35473633 0.12524414
5.8923747E-6 -1.3329381E-9 5.8914875E-6 7.5801086E-6 -0.03473713 0.35424805 0.12475586
5.884224E-6 -1.3329381E-9 5.8832397E-6 7.5695802E-6 -0.03473713 0.35375977 0.12426758
5.8760784E-6 -1.3235946E-9 5.8749915E-6 7.5590515E-6 -0.03473713 0.35327148 0.1237793
5.8679398E-6 -1.3339763E-9 5.866744E-6 7.548523E-6 -0.035046097 0.3527832 0.123291016
5.859807E-6 -1.3402053E-9 5.858496E-6 7.538223E-6 -0.035046097 0.35229492 0.122802734
5.8516807E-6 -1.3578543E-9 5.850543E-6 7.5276944E-6 -0.035046097 0.35180664 0.12231445
5.8435608E-6 -1.3485107E-9 5.8425894E-6 7.517166E-6 -0.03473713 0.35131836 0.12182617
5.8354467E-6 -1.3163273E-9 5.8343417E-6 7.5066378E-6 -0.03473713 0.35083008 0.12133789
5.8273395E-6 -1.3537016E-9 5.826683E-6 7.496338E-6 -0.035046097 0.3503418 0.12084961
5.819238E-6 -1.3495489E-9 5.818435E-6 7.486038E-6 -0.03473713 0.34985352 0.12036133
5.811143E-6 -1.3516253E-9 5.810482E-6 7.47551E-6 -0.03473713 0.34936523 0.11987305
5.8030546E-6 -1.3287854E-9 5.8025284E-6 7.4649806E-6 -0.03473713 0.34887695 0.119384766
5.794973E-6 -1.3298236E-9 5.793986E-6 7.4544523E-6 -0.035046097 0.34838867 0.118896484
5.786897E-6 -1.3152891E-9 5.786033E-6 7.4439236E-6 -0.035046097 0.3479004 0.1184082
5.7788275E-6 -1.3474726E-9 5.777785E-6 7.4333952E-6 -0.03473713 0.3474121 0.11791992
5.770765E-6 -1.3350144E-9 5.769537E-6 7.422867E-6 -0.03473713 0.34692383 0.11743164
5.762708E-6 -1.3350144E-9 5.761584E-6 7.4125674E-6 -0.034428164 0.34643555 0.11694336
5.754658E-6 -1.3370908E-9 5.753336E-6 7.402038E-6 -0.034119196 0.34594727 0.11645508
5.746615E-6 -1.3329381E-9 5.7456773E-6 7.3915103E-6 -0.03473713 0.34545898 0.1159668
5.738578E-6 -1.3370908E-9 5.7374295E-6 7.380982E-6 -0.03473713 0.3449707 0.115478516
5.7305474E-6 -1.3537016E-9 5.7294765E-6 7.370453E-6 -0.034428164 0.34448242 0.114990234
5.7225234E-6 -1.3339763E-9 5.7218176E-6 7.3601527E-6 -0.034428164 0.34399414 0.11450195
5.714506E-6 -1.3485107E-9 5.713864E-6 7.3496244E-6 -0.03473713 0.34350586 0.11401367
5.706496E-6 -1.3298236E-9 5.705911E-6 7.3393244E-6 -0.03473713 0.34301758 0.11352539
5.698492E-6 -1.3485107E-9 5.6976633E-6 7.328796E-6 -0.03473713 0.3425293 0.11303711
5.690494E-6 -1.3495489E-9 5.6897097E-6 7.3182673E-6 -0.034428164 0.34204102 0.11254883
5.6825033E-6 -1.3443581E-9 5.6817566E-6 7.307739E-6 -0.03473713 0.34155273 0.11206055
5.6745193E-6 -1.3505871E-9 5.673803E-6 7.297211E-6 -0.03473713 0.34106445 0.111572266
5.666542E-6 -1.3422817E-9 5.66585E-6 7.286911E-6 -0.035046097 0.34057617 0.111083984
5.658572E-6 -1.3402053E-9 5.658191E-6 7.2763823E-6 -0.03473713 0.3400879 0.1105957
5.650608E-6 -1.3443581E-9 5.650238E-6 7.265854E-6 -0.035046097 0.3395996 0.11010742
5.642651E-6 -1.3412434E-9 5.642285E-6 7.2553257E-6 -0.03473713 0.33911133 0.10961914
5.6347008E-6 -1.3485107E-9 5.6343315E-6 7.244797E-6 -0.03473713 0.33862305 0.10913086
5.6267572E-6 -1.3381289E-9 5.6263784E-6 7.2344965E-6 -0.035046097 0.33813477 0.10864258
5.6188205E-6 -1.3391671E-9 5.61813E-6 7.223968E-6 -0.034428164 0.33764648 0.1081543
5.610891E-6 -1.3495489E-9 5.610472E-6 7.21344E-6 -0.034428164 0.3371582 0.107666016
5.602968E-6 -1.3391671E-9 5.6025183E-6 7.202911E-6 -0.034119196 0.33666992 0.107177734
5.5950522E-6 -1.3318999E-9 5.595154E-6 7.192383E-6 -0.034119196 0.33618164 0.10668945
5.5871433E-6 -1.3412434E-9 5.5866117E-6 7.181854E-6 -0.034119196 0.33569336 0.10620117
5.579241E-6 -1.3505871E-9 5.5789533E-6 7.171326E-6 -0.033810228 0.33520508 0.10571289
5.5713463E-6 -1.3537016E-9 5.5712944E-6 7.161026E-6 -0.034119196 0.3347168 0.10522461
5.563458E-6 -1.3433199E-9 5.5633413E-6 7.150498E-6 -0.034428164 0.33422852 0.10473633
5.555577E-6 -1.3350144E-9 5.555093E-6 7.139969E-6 -0.034428164 0.33374023 0.10424805
5.547703E-6 -1.3651216E-9 5.54714E-6 7.1294407E-6 -0.034119196 0.33325195 0.103759766
5.5398364E-6 -1.3412434E-9 5.539187E-6 7.1191407E-6 -0.034119196 0.33276367 0.103271484
5.531976E-6 -1.3433199E-9 5.531823E-6 7.1088402E-6 -0.034428164 0.3322754 0.1027832
5.5241235E-6 -1.3640834E-9 5.5238693E-6 7.0983124E-6 -0.034119196 0.3317871 0.10229492
5.5162777E-6 -1.3443581E-9 5.515916E-6 7.087783E-6 -0.034428164 0.33129883 0.10180664
5.5084397E-6 -1.3609689E-9 5.5082573E-6 7.0772553E-6 -0.033810228 0.33081055 0.10131836
5.500608E-6 -1.3329381E-9 5.5003043E-6 7.066727E-6 -0.034119196 0.33032227 0.10083008
5.492784E-6 -1.3298236E-9 5.4926454E-6 7.056427E-6 -0.033810228 0.32983398 0.1003418
5.4849675E-6 -1.3547398E-9 5.4849866E-6 7.045898E-6 -0.034428164 0.3293457 0.099853516
5.4771576E-6 -1.3443581E-9 5.4770335E-6 7.03537E-6 -0.034428164 0.32885742 0.099365234
5.4693555E-6 -1.3588924E-9 5.46908E-6 7.0248416E-6 -0.033810228 0.32836914 0.09887695
5.4615602E-6 -1.3453962E-9 5.4614216E-6 7.014313E-6 -0.034119196 0.32788086 0.09838867
5.4537727E-6 -1.3381289E-9 5.453468E-6 7.0037845E-6 -0.034428164 0.32739258 0.09790039
5.4459924E-6 -1.3464344E-9 5.4458096E-6 6.9932553E-6 -0.034428164 0.3269043 0.09741211
5.4382194E-6 -1.3412434E-9 5.4384454E-6 6.9829566E-6 -0.034119196 0.32641602 0.09692383
5.4304537E-6 -1.3630452E-9 5.430492E-6 6.972427E-6 -0.034119196 0.32592773 0.09643555
5.4226953E-6 -1.3537016E-9 5.4228335E-6 6.961899E-6 -0.033810228 0.32543945 0.095947266
5.4149446E-6 -1.3526634E-9 5.4154693E-6 6.9513703E-6 -0.034119196 0.32495117 0.095458984
5.4072016E-6 -1.3433199E-9 5.4072216E-6 6.940842E-6 -0.034119196 0.3244629 0.0949707
5.3994654E-6 -1.3578543E-9 5.3998574E-6 6.930542E-6 -0.033810228 0.3239746 0.09448242
5.391737E-6 -1.3464344E-9 5.391609E-6 6.9200137E-6 -0.033810228 0.32348633 0.09399414
5.384016E-6 -1.3516253E-9 5.383951E-6 6.909485E-6 -0.033501264 0.32299805 0.09350586
5.376303E-6 -1.3485107E-9 5.3765866E-6 6.8989566E-6 -0.034119196 0.32250977 0.09301758
5.3685967E-6 -1.3609689E-9 5.368633E-6 6.888657E-6 -0.033810228 0.32202148 0.0925293
5.3608987E-6 -1.3308618E-9 5.361269E-6 6.8781287E-6 -0.033810228 0.3215332 0.092041016
5.353208E-6 -1.3464344E-9 5.3536105E-6 6.867599E-6 -0.034119196 0.32104492 0.091552734
5.345525E-6 -1.3630452E-9 5.3462463E-6 6.8572995E-6 -0.034119196 0.32055664 0.09106445
5.33785E-6 -1.3443581E-9 5.338882E-6 6.846771E-6 -0.034119196 0.32006836 0.09057617
5.3301824E-6 -1.3661597E-9 5.3306344E-6 6.836243E-6 -0.033501264 0.31958008 0.09008789
5.3225226E-6 -1.3505871E-9 5.3229755E-6 6.825714E-6 -0.034119196 0.3190918 0.08959961
5.31487E-6 -1.3609689E-9 5.3153167E-6 6.8151858E-6 -0.034428164 0.31860352 0.08911133
5.307226E-6 -1.3350144E-9 5.307069E-6 6.8048857E-6 -0.034119196 0.31811523 0.08862305
5.2995892E-6 -1.3350144E-9 5.300294E-6 6.794358E-6 -0.034428164 0.31762695 0.088134766
5.2919604E-6 -1.3609689E-9 5.29293E-6 6.7838287E-6 -0.034119196 0.31713867 0.087646484
5.2843393E-6 -1.3516253E-9 5.2849764E-6 6.773301E-6 -0.034119196 0.3166504 0.0871582
5.276726E-6 -1.3682361E-9 5.277318E-6 6.762771E-6 -0.033810228 0.3161621 0.08666992
5.2691207E-6 -1.3505871E-9 5.269954E-6 6.7522437E-6 -0.033810228 0.31567383 0.08618164
5.2615233E-6 -1.3557779E-9 5.2628843E-6 6.741714E-6 -0.033501264 0.31518555 0.08569336
5.2539335E-6 -1.3402053E-9 5.2552255E-6 6.731415E-6 -0.033501264 0.31469727 0.08520508
5.246352E-6 -1.3318999E-9 5.2469777E-6 6.720886E-6 -0.033501264 0.31420898 0.0847168
5.238778E-6 -1.3422817E-9 5.239319E-6 6.710358E-6 -0.033501264 0.3137207 0.084228516
5.2312125E-6 -1.3225563E-9 5.2319547E-6 6.699829E-6 -0.033501264 0.31323242 0.083740234
5.2236546E-6 -1.3692742E-9 5.2240016E-6 6.689301E-6 -0.033810228 0.31274414 0.08325195
5.216105E-6 -1.3474726E-9 5.2172263E-6 6.6790008E-6 -0.033810228 0.31225586 0.08276367
5.2085634E-6 -1.3671979E-9 5.209862E-6 6.6684725E-6 -0.033810228 0.31176758 0.08227539
5.2010296E-6 -1.3620071E-9 5.2016144E-6 6.658173E-6 -0.033810228 0.3112793 0.08178711
5.1935044E-6 -1.3485107E-9 5.1948396E-6 6.6476446E-6 -0.033810228 0.31079102 0.08129883
5.185987E-6 -1.3526634E-9 5.1871807E-6 6.6371153E-6 -0.033810228 0.31030273 0.08081055
5.1784777E-6 -1.3786179E-9 5.180406E-6 6.6268162E-6 -0.033192296 0.30981445 0.080322266
5.1709762E-6 -1.3588924E-9 5.1718634E-6 6.616287E-6 -0.033501264 0.30932617 0.079833984
5.1634834E-6 -1.3537016E-9 5.16391E-6 6.6057587E-6 -0.033810228 0.3088379 0.0793457
5.1559987E-6 -1.3402053E-9 5.1565457E-6 6.59523E-6 -0.034119196 0.3083496 0.07885742
5.148522E-6 -1.3474726E-9 5.149182E-6 6.5847016E-6 -0.033810228 0.30786133 0.07836914
5.141054E-6 -1.3495489E-9 5.142112E-6 6.574173E-6 -0.033810228 0.30737305 0.07788086
5.133594E-6 -1.3817324E-9 5.134748E-6 6.5636445E-6 -0.033192296 0.30688477 0.07739258
5.1261422E-6 -1.3526634E-9 5.127384E-6 6.553345E-6 -0.033192296 0.30639648 0.0769043
5.118699E-6 -1.3474726E-9 5.12002E-6 6.5428167E-6 -0.033810228 0.3059082 0.076416016
5.111264E-6 -1.3516253E-9 5.112656E-6 6.532288E-6 -0.033810228 0.30541992 0.075927734
5.103837E-6 -1.3557779E-9 5.104997E-6 6.5217596E-6 -0.033501264 0.30493164 0.07543945
5.0964186E-6 -1.3474726E-9 5.0976328E-6 6.51123E-6 -0.033501264 0.30444336 0.07495117
5.089009E-6 -1.3692742E-9 5.089974E-6 6.500931E-6 -0.033501264 0.30395508 0.07446289
5.081607E-6 -1.3464344E-9 5.08261E-6 6.490402E-6 -0.033810228 0.3034668 0.07397461
5.074214E-6 -1.3723888E-9 5.0749513E-6 6.4798737E-6 -0.033501264 0.30297852 0.07348633
5.0668295E-6 -1.3422817E-9 5.067882E-6 6.469345E-6 -0.034119196 0.30249023 0.07299805
5.0594535E-6 -1.3640834E-9 5.0605177E-6 6.4588166E-6 -0.033501264 0.30200195 0.072509766
5.0520857E-6 -1.3495489E-9 5.053448E-6 6.448288E-6 -0.033810228 0.30151367 0.072021484
5.0447265E-6 -1.3588924E-9 5.046084E-6 6.4379888E-6 -0.033810228 0.3010254 0.0715332
5.037376E-6 -1.3640834E-9 5.0390145E-6 6.4276887E-6 -0.033192296 0.3005371 0.07104492
5.030034E-6 -1.3246327E-9 5.0313556E-6 6.4171604E-6 -0.033192296 0.30004883 0.07055664
5.022701E-6 -1.3640834E-9 5.0236968E-6 6.406631E-6 -0.032883327 0.29956055 0.07006836
5.0153762E-6 -1.3412434E-9 5.016922E-6 6.3961033E-6 -0.033501264 0.29907227 0.06958008
5.0080603E-6 -1.3505871E-9 5.0098524E-6 6.385574E-6 -0.033501264 0.29858398 0.0690918
5.0007525E-6 -1.3609689E-9 5.0024883E-6 6.3752746E-6 -0.033192296 0.2980957 0.068603516
4.993454E-6 -1.3588924E-9 4.9954187E-6 6.364746E-6 -0.033192296 0.29760742 0.068115234
4.9861637E-6 -1.3391671E-9 4.98776E-6 6.3542175E-6 -0.033501264 0.29711914 0.06762695
4.9788823E-6 -1.3505871E-9 4.9806904E-6 6.3436887E-6 -0.032883327 0.29663086 0.06713867
4.97161E-6 -1.3609689E-9 4.973326E-6 6.333161E-6 -0.033192296 0.29614258 0.06665039
4.964346E-6 -1.3495489E-9 4.9656674E-6 6.3226316E-6 -0.033501264 0.2956543 0.06616211
4.957091E-6 -1.3537016E-9 4.958303E-6 6.312104E-6 -0.032883327 0.29516602 0.06567383
4.9498444E-6 -1.3568161E-9 4.9512337E-6 6.3018038E-6 -0.033501264 0.29467773 0.06518555
4.942607E-6 -1.3578543E-9 4.9432806E-6 6.2912754E-6 -0.032574363 0.29418945 0.064697266
4.9353785E-6 -1.3599307E-9 4.9368E-6 6.280746E-6 -0.033501264 0.29370117 0.064208984
4.928159E-6 -1.3495489E-9 4.9297305E-6 6.270218E-6 -0.033192296 0.2932129 0.0637207
4.9209484E-6 -1.3537016E-9 4.9223663E-6 6.259689E-6 -0.033501264 0.2927246 0.06323242
4.913746E-6 -1.3630452E-9 4.915002E-6 6.2493896E-6 -0.033501264 0.29223633 0.06274414
4.9065534E-6 -1.3723888E-9 4.9079326E-6 6.238861E-6 -0.033192296 0.29174805 0.06225586
4.8993693E-6 -1.3495489E-9 4.9005685E-6 6.2283325E-6 -0.033501264 0.29125977 0.061767578
4.8921943E-6 -1.3661597E-9 4.893499E-6 6.2178037E-6 -0.032883327 0.29077148 0.061279297
4.8850284E-6 -1.3495489E-9 4.886135E-6 6.2075046E-6 -0.033501264 0.2902832 0.060791016
4.877871E-6 -1.3682361E-9 4.8793595E-6 6.1972046E-6 -0.033501264 0.28979492 0.060302734
4.870723E-6 -1.3786179E-9 4.871701E-6 6.1866763E-6 -0.033192296 0.28930664 0.059814453
4.863584E-6 -1.3578543E-9 4.864631E-6 6.1761475E-6 -0.033810228 0.28881836 0.059326172
4.8564543E-6 -1.3588924E-9 4.8578563E-6 6.165619E-6 -0.033501264 0.28833008 0.05883789
4.8493334E-6 -1.3453962E-9 4.850787E-6 6.15509E-6 -0.033810228 0.2878418 0.05834961
4.8422216E-6 -1.3682361E-9 4.8437173E-6 6.1445617E-6 -0.033501264 0.28735352 0.057861328
4.835119E-6 -1.3620071E-9 4.8360585E-6 6.134033E-6 -0.033501264 0.28686523 0.057373047
4.828026E-6 -1.3703124E-9 4.829578E-6 6.123734E-6 -0.032883327 0.28637695 0.056884766
4.8209413E-6 -1.3609689E-9 4.8219194E-6 6.113205E-6 -0.033501264 0.28588867 0.056396484
4.8138663E-6 -1.3557779E-9 4.8145553E-6 6.1026767E-6 -0.033192296 0.2854004 0.055908203
4.8068005E-6 -1.3318999E-9 4.8074858E-6 6.092148E-6 -0.033501264 0.2849121 0.055419922
4.799744E-6 -1.3620071E-9 4.8001216E-6 6.0816196E-6 -0.032883327 0.28442383 0.05493164
4.7926965E-6 -1.3661597E-9 4.7933463E-6 6.0713196E-6 -0.032883327 0.28393555 0.05444336
4.7856583E-6 -1.3879614E-9 4.786277E-6 6.060791E-6 -0.032574363 0.28344727 0.053955078
4.77863E-6 -1.3526634E-9 4.779502E-6 6.050262E-6 -0.032883327 0.28295898 0.053466797
4.7716103E-6 -1.3630452E-9 4.7724325E-6 6.0397338E-6 -0.032574363 0.2824707 0.052978516
4.7646E-6 -1.3713506E-9 4.765657E-6 6.0292055E-6 -0.032883327 0.28198242 0.052490234
4.757599E-6 -1.3537016E-9 4.7585877E-6 6.0186767E-6 -0.033192296 0.28149414 0.052001953
4.750608E-6 -1.3640834E-9 4.751813E-6 6.0081484E-6 -0.033192296 0.28100586 0.051513672
4.743625E-6 -1.3786179E-9 4.7450376E-6 5.997849E-6 -0.032574363 0.28051758 0.05102539
4.736653E-6 -1.3599307E-9 4.7382628E-6 5.9873205E-6 -0.032883327 0.2800293 0.05053711
4.7296894E-6 -1.3557779E-9 4.730604E-6 5.97702E-6 -0.032883327 0.27954102 0.050048828
4.7227354E-6 -1.3848469E-9 4.7235344E-6 5.9664917E-6 -0.032883327 0.27905273 0.049560547
4.715791E-6 -1.3599307E-9 4.71617E-6 5.9559634E-6 -0.032574363 0.27856445 0.049072266
4.708856E-6 -1.3838087E-9 4.7099843E-6 5.9456634E-6 -0.032265395 0.27807617 0.048583984
4.7019307E-6 -1.3651216E-9 4.70262E-6 5.9351346E-6 -0.032883327 0.2775879 0.048095703
4.6950145E-6 -1.3755033E-9 4.6955506E-6 5.924606E-6 -0.032265395 0.2770996 0.047607422
4.6881078E-6 -1.3692742E-9 4.6893647E-6 5.9140775E-6 -0.031956427 0.27661133 0.04711914
4.681211E-6 -1.3775796E-9 4.682295E-6 5.9035497E-6 -0.032265395 0.27612305 0.04663086
4.6743235E-6 -1.3640834E-9 4.6746363E-6 5.8930204E-6 -0.032265395 0.27563477 0.046142578
4.6674454E-6 -1.3505871E-9 4.667567E-6 5.8824926E-6 -0.032265395 0.27514648 0.045654297
4.6605774E-6 -1.3526634E-9 4.661086E-6 5.872192E-6 -0.032574363 0.2746582 0.045166016
4.6537184E-6 -1.3640834E-9 4.6543114E-6 5.861664E-6 -0.032574363 0.27416992 0.044677734
4.6468695E-6 -1.3765414E-9 4.6475366E-6 5.8511355E-6 -0.032574363 0.27368164 0.044189453
4.64003E-6 -1.3671979E-9 4.640467E-6 5.8406067E-6 -0.032574363 0.27319336 0.043701172
4.6332E-6 -1.3599307E-9 4.633103E-6 5.8300784E-6 -0.033192296 0.27270508 0.04321289
4.6263804E-6 -1.3640834E-9 4.6263276E-6 5.8197784E-6 -0.031956427 0.2722168 0.04272461
4.6195696E-6 -1.3734269E-9 4.619553E-6 5.8092505E-6 -0.032574363 0.27172852 0.042236328
4.612769E-6 -1.3734269E-9 4.6127775E-6 5.7987213E-6 -0.032265395 0.27124023 0.041748047
4.605978E-6 -1.3796561E-9 4.6060027E-6 5.7881925E-6 -0.032574363 0.27075195 0.041259766
4.5991965E-6 -1.3485107E-9 4.5998167E-6 5.7776642E-6 -0.032574363 0.27026367 0.040771484
4.592425E-6 -1.3599307E-9 4.593336E-6 5.7673647E-6 -0.032265395 0.2697754 0.040283203
4.585663E-6 -1.3474726E-9 4.5865613E-6 5.7568363E-6 -0.032265395 0.2692871 0.039794922
4.578911E-6 -1.3692742E-9 4.579197E-6 5.746536E-6 -0.032265395 0.26879883 0.03930664
4.572169E-6 -1.3671979E-9 4.5724223E-6 5.735779E-6 -0.031956427 0.26831055 0.03881836
4.5654365E-6 -1.3671979E-9 4.565353E-6 5.7254792E-6 -0.032265395 0.26782227 0.038330078
4.558714E-6 -1.3630452E-9 4.5585775E-6 5.7149505E-6 -0.032265395 0.26733398 0.037841797
4.552001E-6 -1.3474726E-9 4.5526863E-6 5.704422E-6 -0.032574363 0.2668457 0.037353516
4.545298E-6 -1.3609689E-9 4.545617E-6 5.6941217E-6 -0.032265395 0.26635742 0.036865234
4.5386046E-6 -1.3557779E-9 4.5385473E-6 5.683594E-6 -0.032265395 0.26586914 0.036376953
4.5319216E-6 -1.3547398E-9 4.531772E-6 5.6730655E-6 -0.032574363 0.26538086 0.035888672
4.525248E-6 -1.3568161E-9 4.525292E-6 5.6625368E-6 -0.032574363 0.26489258 0.03540039
4.518585E-6 -1.3505871E-9 4.5185166E-6 5.6520084E-6 -0.032574363 0.2644043 0.03491211
4.511931E-6 -1.3485107E-9 4.5117417E-6 5.6417084E-6 -0.032265395 0.26391602 0.034423828
4.5052875E-6 -1.3713506E-9 4.5049665E-6 5.63118E-6 -0.031956427 0.26342773 0.033935547
4.4986537E-6 -1.3703124E-9 4.4981916E-6 5.6206513E-6 -0.032265395 0.26293945 0.033447266
4.49203E-6 -1.3620071E-9 4.491417E-6 5.6101226E-6 -0.032883327 0.26245117 0.032958984
4.485416E-6 -1.3464344E-9 4.4846415E-6 5.5995943E-6 -0.032265395 0.2619629 0.032470703
4.4788126E-6 -1.3630452E-9 4.4784556E-6 5.5890655E-6 -0.032265395 0.2614746 0.031982422
4.4722183E-6 -1.3734269E-9 4.470797E-6 5.578537E-6 -0.031647462 0.26098633 0.03149414
4.465635E-6 -1.3931523E-9 4.4646113E-6 5.5682376E-6 -0.031647462 0.26049805 0.03100586
4.4590606E-6 -1.3734269E-9 4.4581307E-6 5.557709E-6 -0.031647462 0.26000977 0.030517578
4.452497E-6 -1.3568161E-9 4.451061E-6 5.5471805E-6 -0.031956427 0.25952148 0.030029297
4.4459434E-6 -1.3744651E-9 4.4448752E-6 5.5366518E-6 -0.031956427 0.2590332 0.029541016
4.4393996E-6 -1.3620071E-9 4.4383946E-6 5.526352E-6 -0.031956427 0.25854492 0.029052734
4.432866E-6 -1.3620071E-9 4.4322087E-6 5.5158234E-6 -0.032265395 0.25805664 0.028564453
4.4263425E-6 -1.3557779E-9 4.425434E-6 5.5052947E-6 -0.031956427 0.25756836 0.028076172
4.4198287E-6 -1.3786179E-9 4.417775E-6 5.4949955E-6 -0.032265395 0.25708008 0.02758789
4.4133253E-6 -1.3682361E-9 4.411589E-6 5.4844663E-6 -0.031647462 0.2565918 0.02709961
4.406832E-6 -1.3495489E-9 4.4054036E-6 5.4739385E-6 -0.031956427 0.25610352 0.026611328
4.4003486E-6 -1.3474726E-9 4.3992177E-6 5.4634093E-6 -0.031956427 0.25561523 0.026123047
4.3938753E-6 -1.3526634E-9 4.3924424E-6 5.4528805E-6 -0.032265395 0.25512695 0.025634766
4.387413E-6 -1.3786179E-9 4.386846E-6 5.4425814E-6 -0.031647462 0.25463867 0.025146484
4.38096E-6 -1.3516253E-9 4.380365E-6 5.4320526E-6 -0.031956427 0.2541504 0.024658203
4.374517E-6 -1.3703124E-9 4.3735904E-6 5.4215243E-6 -0.031647462 0.2536621 0.024169922
4.368085E-6 -1.3682361E-9 4.366815E-6 5.4109955E-6 -0.031647462 0.25317383 0.02368164
4.3616624E-6 -1.3609689E-9 4.360335E-6 5.400467E-6 -0.031647462 0.25268555 0.02319336
4.3552504E-6 -1.3537016E-9 4.3535597E-6 5.390167E-6 -0.031338494 0.25219727 0.022705078
4.348848E-6 -1.3879614E-9 4.3473738E-6 5.3796393E-6 -0.031029526 0.25170898 0.022216797
4.3424566E-6 -1.3962669E-9 4.340599E-6 5.3691097E-6 -0.031338494 0.2512207 0.021728516
4.3360747E-6 -1.4180686E-9 4.334413E-6 5.3585813E-6 -0.031338494 0.25073242 0.021240234
4.329703E-6 -1.4097631E-9 4.327933E-6 5.3480535E-6 -0.031029526 0.25024414 0.020751953
4.323342E-6 -1.3775796E-9 4.3214523E-6 5.3377535E-6 -0.031647462 0.24975586 0.020263672
4.3169916E-6 -1.3682361E-9 4.314677E-6 5.327225E-6 -0.031338494 0.24926758 0.01977539
4.3106506E-6 -1.3744651E-9 4.308197E-6 5.316696E-6 -0.031647462 0.2487793 0.01928711
4.30432E-6 -1.3443581E-9 4.302011E-6 5.3061676E-6 -0.031956427 0.24829102 0.018798828
4.298E-6 -1.3049074E-9 4.2961196E-6 5.2956393E-6 -0.031956427 0.24780273 0.018310547
4.2916904E-6 -1.3007546E-9 4.2899337E-6 5.285111E-6 -0.032265395 0.24731445 0.017822266
4.2853903E-6 -1.2737621E-9 4.283453E-6 5.274811E-6 -0.032574363 0.24682617 0.017333984
4.279101E-6 -1.243655E-9 4.276973E-6 5.2645114E-6 -0.031956427 0.24633789 0.016845703
4.2728216E-6 -1.2166624E-9 4.270787E-6 5.253983E-6 -0.032574363 0.24584961 0.016357422
4.266553E-6 -1.2010898E-9 4.2637175E-6 5.243454E-6 -0.032574363 0.24536133 0.01586914
4.2602946E-6 -1.1564482E-9 4.257826E-6 5.2329256E-6 -0.032883327 0.24487305 0.015380859
4.254046E-6 -1.1232266E-9 4.25164E-6 5.2223972E-6 -0.033192296 0.24438477 0.014892578
4.247808E-6 -1.0827377E-9 4.2451597E-6 5.212097E-6 -0.033192296 0.24389648 0.014404297
4.2415804E-6 -1.0619742E-9 4.2395627E-6 5.201569E-6 -0.033501264 0.2434082 0.013916016
4.235363E-6 -1.0349817E-9 4.2333772E-6 5.1910397E-6 -0.033501264 0.24291992 0.013427734
4.2291563E-6 -9.924164E-10 4.2263073E-6 5.1805114E-6 -0.033810228 0.24243164 0.012939453
4.2229594E-6 -9.861874E-10 4.220122E-6 5.169983E-6 -0.033810228 0.24194336 0.012451172
4.216773E-6 -9.31164E-10 4.21423E-6 5.159454E-6 -0.034119196 0.24145508 0.011962891
4.2105967E-6 -9.2182045E-10 4.208044E-6 5.1489255E-6 -0.034119196 0.2409668 0.011474609
4.204431E-6 -8.9794244E-10 4.202153E-6 5.1386255E-6 -0.034119196 0.24047852 0.010986328
4.1982757E-6 -8.5745355E-10 4.1962617E-6 5.1280977E-6 -0.034119196 0.23999023 0.010498047
4.1921307E-6 -8.605681E-10 4.1900757E-6 5.1175693E-6 -0.034119196 0.23950195 0.010009766
4.1859957E-6 -8.1385015E-10 4.1841845E-6 5.107041E-6 -0.03473713 0.23901367 0.009521484
4.1798717E-6 -7.910103E-10 4.1779986E-6 5.096512E-6 -0.035355065 0.23852539 0.009033203
4.1737576E-6 -7.6401774E-10 4.1715184E-6 5.086212E-6 -0.035355065 0.23803711 0.008544922
4.167654E-6 -6.8511635E-10 4.166216E-6 5.0756835E-6 -0.03566403 0.23754883 0.008056641
4.1615604E-6 -6.6123834E-10 4.16003E-6 5.065155E-6 -0.035972998 0.23706055 0.0075683594
4.155477E-6 -5.9687144E-10 4.154139E-6 5.054627E-6 -0.035972998 0.23657227 0.007080078
4.1494045E-6 -5.2108456E-10 4.147953E-6 5.0443273E-6 -0.03659093 0.23608398 0.006591797
4.1433427E-6 -4.94092E-10 4.141767E-6 5.0337976E-6 -0.03659093 0.2355957 0.0061035156
4.1372905E-6 -4.3180148E-10 4.1361704E-6 5.0232693E-6 -0.03659093 0.23510742 0.0056152344
4.131249E-6 -3.923508E-10 4.130868E-6 5.0129697E-6 -0.0368999 0.23461914 0.005126953
4.125218E-6 -3.4563286E-10 4.124977E-6 5.0024414E-6 -0.03751783 0.23413086 0.004638672
4.1191965E-6 -2.1482269E-10 4.1196745E-6 4.991913E-6 -0.03751783 0.23364258 0.0041503906
4.113186E-6 -1.9302102E-10 4.114078E-6 4.981384E-6 -0.038135767 0.2331543 0.0036621094
4.107186E-6 -1.3073047E-10 4.1081867E-6 4.9708556E-6 -0.03844473 0.23266602 0.0031738281
4.1011963E-6 -1.7569297E-11 4.103179E-6 4.9605555E-6 -0.0387537 0.23217773 0.0026855469
4.095217E-6 -4.1447342E-11 4.098466E-6 4.9500272E-6 -0.03844473 0.23168945 0.0021972656
4.089248E-6 1.5165337E-10 4.093753E-6 4.939499E-6 -0.039371632 0.23120117 0.0017089844
4.0832892E-6 2.0667669E-10 4.090218E-6 4.928971E-6 -0.0396806 0.23071289 0.0012207031
4.0773407E-6 2.5547095E-10 4.0884506E-6 4.9184414E-6 -0.040298536 0.23022461 7.324219E-4
4.0714026E-6 5.5550375E-10 4.0899236E-6 4.907913E-6 -0.0415344 0.22973633 2.4414062E-4
